{"E:\\pixel\\book-management\\src\\App.vue": {"path":"E:\\pixel\\book-management\\src\\App.vue","statementMap":{"0":{"start":{"line":2,"column":0},"end":{"line":2,"column":62}},"1":{"start":{"line":3,"column":0},"end":{"line":3,"column":24}},"2":{"start":{"line":4,"column":12},"end":{"line":4,"column":26}},"3":{"start":{"line":6,"column":33},"end":{"line":6,"column":75}},"4":{"start":{"line":7,"column":4},"end":{"line":7,"column":84}},"5":{"start":{"line":9,"column":0},"end":{"line":9,"column":24}},"6":{"start":{"line":10,"column":1},"end":{"line":10,"column":48}}},"fnMap":{"0":{"name":"render","decl":{"start":{"line":5,"column":9},"end":{"line":5,"column":15}},"loc":{"start":{"line":5,"column":30},"end":{"line":8,"column":1}},"line":5}},"branchMap":{},"s":{"0":1,"1":1,"2":1,"3":1,"4":1,"5":1,"6":1},"f":{"0":1},"b":{},"inputSourceMap":{"0":"{","1":"\"","2":"v","3":"e","4":"r","5":"s","6":"i","7":"o","8":"n","9":"\"","10":":","11":"3","12":",","13":"\"","14":"s","15":"o","16":"u","17":"r","18":"c","19":"e","20":"s","21":"\"","22":":","23":"[","24":"]","25":",","26":"\"","27":"n","28":"a","29":"m","30":"e","31":"s","32":"\"","33":":","34":"[","35":"]","36":",","37":"\"","38":"m","39":"a","40":"p","41":"p","42":"i","43":"n","44":"g","45":"s","46":"\"","47":":","48":"\"","49":"\"","50":",","51":"\"","52":"f","53":"i","54":"l","55":"e","56":"\"","57":":","58":"\"","59":"E","60":":","61":"\\","62":"\\","63":"p","64":"i","65":"x","66":"e","67":"l","68":"\\","69":"\\","70":"b","71":"o","72":"o","73":"k","74":"-","75":"m","76":"a","77":"n","78":"a","79":"g","80":"e","81":"m","82":"e","83":"n","84":"t","85":"\\","86":"\\","87":"s","88":"r","89":"c","90":"\\","91":"\\","92":"A","93":"p","94":"p","95":".","96":"v","97":"u","98":"e","99":"\"","100":"}"},"_coverageSchema":"1a1c01bbd47fc00a2c39e90264f33305004495a9","hash":"d3d2a8e844345c913789b9568fbcbe779220dba2"}
,"E:\\pixel\\book-management\\src\\components\\Books.vue": {"path":"E:\\pixel\\book-management\\src\\components\\Books.vue","statementMap":{"0":{"start":{"line":4,"column":29},"end":{"line":4,"column":133}},"1":{"start":{"line":5,"column":0},"end":{"line":7,"column":3}},"2":{"start":{"line":8,"column":0},"end":{"line":8,"column":25}},"3":{"start":{"line":130,"column":0},"end":{"line":130,"column":13}},"4":{"start":{"line":131,"column":0},"end":{"line":131,"column":62}},"5":{"start":{"line":132,"column":0},"end":{"line":132,"column":24}},"6":{"start":{"line":133,"column":12},"end":{"line":133,"column":26}},"7":{"start":{"line":134,"column":17},"end":{"line":134,"column":41}},"8":{"start":{"line":135,"column":17},"end":{"line":135,"column":36}},"9":{"start":{"line":136,"column":31},"end":{"line":136,"column":106}},"10":{"start":{"line":137,"column":31},"end":{"line":144,"column":20}},"11":{"start":{"line":145,"column":17},"end":{"line":145,"column":39}},"12":{"start":{"line":146,"column":17},"end":{"line":146,"column":44}},"13":{"start":{"line":147,"column":17},"end":{"line":147,"column":39}},"14":{"start":{"line":148,"column":17},"end":{"line":148,"column":39}},"15":{"start":{"line":149,"column":17},"end":{"line":149,"column":36}},"16":{"start":{"line":150,"column":32},"end":{"line":150,"column":114}},"17":{"start":{"line":151,"column":18},"end":{"line":151,"column":28}},"18":{"start":{"line":152,"column":32},"end":{"line":155,"column":32}},"19":{"start":{"line":156,"column":18},"end":{"line":158,"column":1}},"20":{"start":{"line":160,"column":27},"end":{"line":160,"column":63}},"21":{"start":{"line":161,"column":28},"end":{"line":161,"column":65}},"22":{"start":{"line":162,"column":29},"end":{"line":162,"column":67}},"23":{"start":{"line":163,"column":38},"end":{"line":163,"column":85}},"24":{"start":{"line":164,"column":30},"end":{"line":164,"column":69}},"25":{"start":{"line":165,"column":36},"end":{"line":165,"column":81}},"26":{"start":{"line":166,"column":32},"end":{"line":166,"column":73}},"27":{"start":{"line":167,"column":33},"end":{"line":167,"column":75}},"28":{"start":{"line":168,"column":4},"end":{"line":290,"column":8}},"29":{"start":{"line":169,"column":50},"end":{"line":288,"column":10}},"30":{"start":{"line":176,"column":79},"end":{"line":176,"column":112}},"31":{"start":{"line":178,"column":66},"end":{"line":180,"column":26}},"32":{"start":{"line":186,"column":62},"end":{"line":239,"column":22}},"33":{"start":{"line":191,"column":32},"end":{"line":233,"column":36}},"34":{"start":{"line":201,"column":86},"end":{"line":203,"column":46}},"35":{"start":{"line":213,"column":77},"end":{"line":213,"column":112}},"36":{"start":{"line":215,"column":90},"end":{"line":217,"column":50}},"37":{"start":{"line":224,"column":77},"end":{"line":224,"column":114}},"38":{"start":{"line":226,"column":90},"end":{"line":228,"column":50}},"39":{"start":{"line":245,"column":89},"end":{"line":245,"column":121}},"40":{"start":{"line":248,"column":62},"end":{"line":255,"column":22}},"41":{"start":{"line":250,"column":83},"end":{"line":250,"column":112}},"42":{"start":{"line":251,"column":84},"end":{"line":251,"column":115}},"43":{"start":{"line":252,"column":84},"end":{"line":252,"column":115}},"44":{"start":{"line":261,"column":89},"end":{"line":261,"column":125}},"45":{"start":{"line":264,"column":62},"end":{"line":269,"column":22}},"46":{"start":{"line":266,"column":84},"end":{"line":266,"column":109}},"47":{"start":{"line":267,"column":83},"end":{"line":267,"column":116}},"48":{"start":{"line":279,"column":85},"end":{"line":279,"column":123}},"49":{"start":{"line":283,"column":58},"end":{"line":285,"column":18}},"50":{"start":{"line":292,"column":0},"end":{"line":292,"column":24}},"51":{"start":{"line":293,"column":1},"end":{"line":293,"column":48}}},"fnMap":{"0":{"name":"render","decl":{"start":{"line":159,"column":9},"end":{"line":159,"column":15}},"loc":{"start":{"line":159,"column":30},"end":{"line":291,"column":1}},"line":159},"1":{"name":"(anonymous_1)","decl":{"start":{"line":169,"column":36},"end":{"line":169,"column":37}},"loc":{"start":{"line":169,"column":48},"end":{"line":288,"column":12}},"line":169},"2":{"name":"(anonymous_2)","decl":{"start":{"line":176,"column":59},"end":{"line":176,"column":60}},"loc":{"start":{"line":176,"column":77},"end":{"line":176,"column":114}},"line":176},"3":{"name":"(anonymous_3)","decl":{"start":{"line":178,"column":52},"end":{"line":178,"column":53}},"loc":{"start":{"line":178,"column":64},"end":{"line":180,"column":28}},"line":178},"4":{"name":"(anonymous_4)","decl":{"start":{"line":186,"column":48},"end":{"line":186,"column":49}},"loc":{"start":{"line":186,"column":60},"end":{"line":239,"column":24}},"line":186},"5":{"name":"(anonymous_5)","decl":{"start":{"line":190,"column":143},"end":{"line":190,"column":144}},"loc":{"start":{"line":190,"column":159},"end":{"line":234,"column":29}},"line":190},"6":{"name":"(anonymous_6)","decl":{"start":{"line":201,"column":72},"end":{"line":201,"column":73}},"loc":{"start":{"line":201,"column":84},"end":{"line":203,"column":48}},"line":201},"7":{"name":"(anonymous_7)","decl":{"start":{"line":213,"column":57},"end":{"line":213,"column":58}},"loc":{"start":{"line":213,"column":75},"end":{"line":213,"column":114}},"line":213},"8":{"name":"(anonymous_8)","decl":{"start":{"line":215,"column":76},"end":{"line":215,"column":77}},"loc":{"start":{"line":215,"column":88},"end":{"line":217,"column":52}},"line":215},"9":{"name":"(anonymous_9)","decl":{"start":{"line":224,"column":57},"end":{"line":224,"column":58}},"loc":{"start":{"line":224,"column":75},"end":{"line":224,"column":116}},"line":224},"10":{"name":"(anonymous_10)","decl":{"start":{"line":226,"column":76},"end":{"line":226,"column":77}},"loc":{"start":{"line":226,"column":88},"end":{"line":228,"column":52}},"line":226},"11":{"name":"(anonymous_11)","decl":{"start":{"line":245,"column":69},"end":{"line":245,"column":70}},"loc":{"start":{"line":245,"column":87},"end":{"line":245,"column":123}},"line":245},"12":{"name":"(anonymous_12)","decl":{"start":{"line":248,"column":48},"end":{"line":248,"column":49}},"loc":{"start":{"line":248,"column":60},"end":{"line":255,"column":24}},"line":248},"13":{"name":"(anonymous_13)","decl":{"start":{"line":250,"column":63},"end":{"line":250,"column":64}},"loc":{"start":{"line":250,"column":81},"end":{"line":250,"column":114}},"line":250},"14":{"name":"(anonymous_14)","decl":{"start":{"line":251,"column":64},"end":{"line":251,"column":65}},"loc":{"start":{"line":251,"column":82},"end":{"line":251,"column":117}},"line":251},"15":{"name":"(anonymous_15)","decl":{"start":{"line":252,"column":64},"end":{"line":252,"column":65}},"loc":{"start":{"line":252,"column":82},"end":{"line":252,"column":117}},"line":252},"16":{"name":"(anonymous_16)","decl":{"start":{"line":261,"column":69},"end":{"line":261,"column":70}},"loc":{"start":{"line":261,"column":87},"end":{"line":261,"column":127}},"line":261},"17":{"name":"(anonymous_17)","decl":{"start":{"line":264,"column":48},"end":{"line":264,"column":49}},"loc":{"start":{"line":264,"column":60},"end":{"line":269,"column":24}},"line":264},"18":{"name":"(anonymous_18)","decl":{"start":{"line":266,"column":64},"end":{"line":266,"column":65}},"loc":{"start":{"line":266,"column":82},"end":{"line":266,"column":111}},"line":266},"19":{"name":"(anonymous_19)","decl":{"start":{"line":267,"column":63},"end":{"line":267,"column":64}},"loc":{"start":{"line":267,"column":81},"end":{"line":267,"column":118}},"line":267},"20":{"name":"(anonymous_20)","decl":{"start":{"line":279,"column":65},"end":{"line":279,"column":66}},"loc":{"start":{"line":279,"column":83},"end":{"line":279,"column":125}},"line":279},"21":{"name":"(anonymous_21)","decl":{"start":{"line":283,"column":44},"end":{"line":283,"column":45}},"loc":{"start":{"line":283,"column":56},"end":{"line":285,"column":20}},"line":283}},"branchMap":{"0":{"loc":{"start":{"line":176,"column":33},"end":{"line":176,"column":115}},"type":"binary-expr","locations":[{"start":{"line":176,"column":33},"end":{"line":176,"column":42}},{"start":{"line":176,"column":47},"end":{"line":176,"column":114}}],"line":176},"1":{"loc":{"start":{"line":235,"column":28},"end":{"line":237,"column":77}},"type":"cond-expr","locations":[{"start":{"line":236,"column":35},"end":{"line":236,"column":120}},{"start":{"line":237,"column":34},"end":{"line":237,"column":77}}],"line":235},"2":{"loc":{"start":{"line":245,"column":43},"end":{"line":245,"column":124}},"type":"binary-expr","locations":[{"start":{"line":245,"column":43},"end":{"line":245,"column":52}},{"start":{"line":245,"column":57},"end":{"line":245,"column":123}}],"line":245},"3":{"loc":{"start":{"line":250,"column":37},"end":{"line":250,"column":115}},"type":"binary-expr","locations":[{"start":{"line":250,"column":37},"end":{"line":250,"column":46}},{"start":{"line":250,"column":51},"end":{"line":250,"column":114}}],"line":250},"4":{"loc":{"start":{"line":251,"column":38},"end":{"line":251,"column":118}},"type":"binary-expr","locations":[{"start":{"line":251,"column":38},"end":{"line":251,"column":47}},{"start":{"line":251,"column":52},"end":{"line":251,"column":117}}],"line":251},"5":{"loc":{"start":{"line":252,"column":38},"end":{"line":252,"column":118}},"type":"binary-expr","locations":[{"start":{"line":252,"column":38},"end":{"line":252,"column":47}},{"start":{"line":252,"column":52},"end":{"line":252,"column":117}}],"line":252},"6":{"loc":{"start":{"line":261,"column":43},"end":{"line":261,"column":128}},"type":"binary-expr","locations":[{"start":{"line":261,"column":43},"end":{"line":261,"column":52}},{"start":{"line":261,"column":57},"end":{"line":261,"column":127}}],"line":261},"7":{"loc":{"start":{"line":266,"column":38},"end":{"line":266,"column":112}},"type":"binary-expr","locations":[{"start":{"line":266,"column":38},"end":{"line":266,"column":47}},{"start":{"line":266,"column":52},"end":{"line":266,"column":111}}],"line":266},"8":{"loc":{"start":{"line":267,"column":37},"end":{"line":267,"column":119}},"type":"binary-expr","locations":[{"start":{"line":267,"column":37},"end":{"line":267,"column":46}},{"start":{"line":267,"column":51},"end":{"line":267,"column":118}}],"line":267},"9":{"loc":{"start":{"line":279,"column":39},"end":{"line":279,"column":126}},"type":"binary-expr","locations":[{"start":{"line":279,"column":39},"end":{"line":279,"column":48}},{"start":{"line":279,"column":53},"end":{"line":279,"column":125}}],"line":279}},"s":{"0":1,"1":1,"2":1,"3":1,"4":1,"5":1,"6":1,"7":1,"8":1,"9":1,"10":1,"11":1,"12":1,"13":1,"14":1,"15":1,"16":1,"17":1,"18":1,"19":1,"20":21,"21":21,"22":21,"23":21,"24":21,"25":21,"26":21,"27":21,"28":21,"29":21,"30":0,"31":21,"32":21,"33":40,"34":40,"35":0,"36":40,"37":0,"38":40,"39":0,"40":21,"41":0,"42":0,"43":0,"44":0,"45":21,"46":0,"47":0,"48":0,"49":21,"50":1,"51":1},"f":{"0":21,"1":21,"2":0,"3":21,"4":21,"5":40,"6":40,"7":0,"8":40,"9":0,"10":40,"11":0,"12":21,"13":0,"14":0,"15":0,"16":0,"17":21,"18":0,"19":0,"20":0,"21":21},"b":{"0":[21,4],"1":[2,19],"2":[21,4],"3":[21,4],"4":[21,4],"5":[21,4],"6":[21,4],"7":[21,4],"8":[21,4],"9":[21,4]},"inputSourceMap":{"0":"{","1":"\"","2":"v","3":"e","4":"r","5":"s","6":"i","7":"o","8":"n","9":"\"","10":":","11":"3","12":",","13":"\"","14":"s","15":"o","16":"u","17":"r","18":"c","19":"e","20":"s","21":"\"","22":":","23":"[","24":"\"","25":"E","26":":","27":"\\","28":"\\","29":"p","30":"i","31":"x","32":"e","33":"l","34":"\\","35":"\\","36":"b","37":"o","38":"o","39":"k","40":"-","41":"m","42":"a","43":"n","44":"a","45":"g","46":"e","47":"m","48":"e","49":"n","50":"t","51":"\\","52":"\\","53":"s","54":"r","55":"c","56":"\\","57":"\\","58":"c","59":"o","60":"m","61":"p","62":"o","63":"n","64":"e","65":"n","66":"t","67":"s","68":"\\","69":"\\","70":"B","71":"o","72":"o","73":"k","74":"s","75":".","76":"v","77":"u","78":"e","79":"\"","80":"]","81":",","82":"\"","83":"n","84":"a","85":"m","86":"e","87":"s","88":"\"","89":":","90":"[","91":"]","92":",","93":"\"","94":"m","95":"a","96":"p","97":"p","98":"i","99":"n","100":"g","101":"s","102":"\"","103":":","104":"\"","105":";","106":";","107":";","108":";","109":";","110":";","111":";","112":";","113":"A","114":"A","115":"o","116":"F","117":"A","118":";","119":"A","120":"A","121":"A","122":"A","123":";","124":"A","125":"A","126":"A","127":"A","128":";","129":"A","130":"A","131":"C","132":"A","133":";","134":"A","135":"A","136":"A","137":"A","138":";","139":"A","140":"A","141":"A","142":"A","143":";","144":"A","145":"A","146":"C","147":"A","148":";","149":"A","150":"A","151":"A","152":"A","153":";","154":"A","155":"A","156":"A","157":"A","158":";","159":"A","160":"A","161":"C","162":"A","163":";","164":"A","165":"A","166":"A","167":"A","168":";","169":"A","170":"A","171":"A","172":"A","173":";","174":"A","175":"A","176":"A","177":"2","178":"D","179":";","180":"A","181":"A","182":"A","183":"A","184":",","185":"e","186":"A","187":"E","188":"5","189":"C","190":";","191":"E","192":"A","193":"C","194":"b","195":",","196":"I","197":"A","198":"A","199":"I","200":",","201":"E","202":"A","203":"A","204":"E","205":",","206":"W","207":"A","208":"A","209":"W","210":";","211":"E","212":"A","213":"C","214":"j","215":"B","216":",","217":"U","218":"A","219":"A","220":"U","221":",","222":"E","223":"A","224":"A","225":"E","226":";","227":"I","228":"A","229":"A","230":"E","231":",","232":"a","233":"A","234":"A","235":"a","236":";","237":"I","238":"A","239":"A","240":"b","241":";","242":"I","243":"A","244":"A","245":"A","246":";","247":"I","248":"A","249":"A","250":"A","251":";","252":"I","253":"A","254":"A","255":"A","256":",","257":"O","258":"A","259":"A","260":"a","261":";","262":"I","263":"A","264":"A","265":"E","266":",","267":"c","268":"A","269":"A","270":"c","271":";","272":"I","273":"A","274":"A","275":"d","276":";","277":"I","278":"A","279":"A","280":"A","281":";","282":"I","283":"A","284":"A","285":"A","286":";","287":"I","288":"A","289":"A","290":"A","291":";","292":"E","293":"A","294":"A","295":"e","296":",","297":"C","298":"A","299":"A","300":"C","301":";","302":"E","303":"A","304":"C","305":"7","306":"C","307":",","308":"I","309":"A","310":"A","311":"I","312":",","313":"G","314":"A","315":"A","316":"G","317":";","318":"I","319":"A","320":"C","321":"L","322":",","323":"O","324":"A","325":"A","326":"O","327":";","328":"M","329":"A","330":"C","331":"L","332":",","333":"M","334":"A","335":"A","336":"M","337":",","338":"E","339":"A","340":"A","341":"E","342":",","343":"K","344":"A","345":"A","346":"K","347":";","348":"M","349":"A","350":"A","351":"E","352":";","353":"M","354":"A","355":"C","356":"f","357":",","358":"Y","359":"A","360":"A","361":"Y","362":",","363":"E","364":"A","365":"A","366":"E","367":",","368":"S","369":"A","370":"A","371":"S","372":";","373":"M","374":"A","375":"A","376":"E","377":";","378":"M","379":"A","380":"C","381":"z","382":"B","383":",","384":"Y","385":"A","386":"A","387":"Y","388":",","389":"E","390":"A","391":"A","392":"E","393":",","394":"K","395":"A","396":"A","397":"K","398":";","399":"M","400":"A","401":"A","402":"E","403":";","404":"M","405":"A","406":"C","407":"r","408":"B","409":",","410":"Y","411":"A","412":"A","413":"Y","414":",","415":"E","416":"A","417":"A","418":"E","419":",","420":"E","421":"A","422":"A","423":"E","424":";","425":"M","426":"A","427":"A","428":"E","429":";","430":"M","431":"A","432":"C","433":"l","434":"B","435":",","436":"U","437":"A","438":"A","439":"U","440":",","441":"E","442":"A","443":"A","444":"E","445":",","446":"K","447":"A","448":"A","449":"K","450":",","451":"C","452":"A","453":"A","454":"E","455":";","456":"I","457":"A","458":"C","459":"r","460":"B","461":",","462":"C","463":"A","464":"A","465":"C","466":";","467":"E","468":"A","469":"C","470":"H","471":",","472":"C","473":"A","474":"A","475":"C","476":";","477":";","478":"E","479":"A","480":"C","481":"D","482":",","483":"Q","484":"A","485":"A","486":"Q","487":",","488":"E","489":"A","490":"A","491":"E","492":";","493":"I","494":"A","495":"C","496":"R","497":";","498":"I","499":"A","500":"A","501":"G","502":";","503":"I","504":"A","505":"A","506":"A","507":";","508":"I","509":"A","510":"A","511":"A","512":";","513":"I","514":"A","515":"A","516":"A","517":";","518":"I","519":"A","520":"A","521":"A","522":";","523":"I","524":"A","525":"A","526":"A","527":",","528":"U","529":"A","530":"A","531":"U","532":",","533":"E","534":"A","535":"A","536":"C","537":";","538":"M","539":"A","540":"C","541":"Z","542":",","543":"K","544":"A","545":"A","546":"K","547":",","548":"E","549":"A","550":"A","551":"E","552":",","553":"m","554":"B","555":"A","556":"A","557":"m","558":"B","559":",","560":"C","561":"A","562":"A","563":"E","564":";","565":"I","566":"A","567":"C","568":"9","569":"B","570":",","571":"C","572":"A","573":"A","574":"C","575":";","576":"E","577":"A","578":"C","579":"H","580":",","581":"C","582":"A","583":"A","584":"C","585":";","586":";","587":"E","588":"A","589":"C","590":"D","591":",","592":"O","593":"A","594":"A","595":"O","596":",","597":"E","598":"A","599":"A","600":"E","601":";","602":"I","603":"A","604":"C","605":"P","606":";","607":"I","608":"A","609":"A","610":"G","611":";","612":"I","613":"A","614":"A","615":"A","616":";","617":"I","618":"A","619":"A","620":"A","621":";","622":"I","623":"A","624":"A","625":"A","626":";","627":"I","628":"A","629":"A","630":"A","631":";","632":"I","633":"A","634":"A","635":"A","636":",","637":"U","638":"A","639":"A","640":"U","641":",","642":"E","643":"A","644":"A","645":"C","646":";","647":"M","648":"A","649":"C","650":"Z","651":",","652":"U","653":"A","654":"A","655":"U","656":",","657":"E","658":"A","659":"A","660":"E","661":",","662":"k","663":"B","664":"A","665":"A","666":"k","667":"B","668":";","669":"M","670":"A","671":"A","672":"E","673":";","674":"M","675":"A","676":"C","677":"h","678":"C","679":",","680":"U","681":"A","682":"A","683":"U","684":",","685":"E","686":"A","687":"A","688":"E","689":",","690":"k","691":"B","692":"A","693":"A","694":"k","695":"B","696":";","697":"M","698":"A","699":"A","700":"E","701":";","702":"M","703":"A","704":"C","705":"h","706":"C","707":",","708":"U","709":"A","710":"A","711":"U","712":",","713":"E","714":"A","715":"A","716":"E","717":",","718":"k","719":"B","720":"A","721":"A","722":"k","723":"B","724":",","725":"C","726":"A","727":"A","728":"E","729":";","730":"I","731":"A","732":"C","733":"l","734":"C","735":",","736":"C","737":"A","738":"A","739":"C","740":",","741":"C","742":"A","743":"A","744":"C","745":";","746":";","747":"I","748":"A","749":"C","750":"F","751":";","752":"I","753":"A","754":"C","755":"A","756":",","757":"Q","758":"A","759":"A","760":"Q","761":",","762":"C","763":"A","764":"A","765":"C","766":",","767":"I","768":"A","769":"A","770":"I","771":",","772":"E","773":"A","774":"A","775":"E","776":";","777":"M","778":"A","779":"C","780":"b","781":",","782":"I","783":"A","784":"A","785":"I","786":",","787":"C","788":"A","789":"A","790":"C","791":",","792":"U","793":"A","794":"A","795":"U","796":",","797":"C","798":"A","799":"A","800":"C","801":",","802":"I","803":"A","804":"A","805":"I","806":",","807":"C","808":"A","809":"A","810":"C","811":";","812":"M","813":"A","814":"C","815":"r","816":"B","817":",","818":"I","819":"A","820":"A","821":"I","822":",","823":"C","824":"A","825":"A","826":"C","827":",","828":"Y","829":"A","830":"A","831":"Y","832":",","833":"G","834":"A","835":"A","836":"G","837":",","838":"I","839":"A","840":"A","841":"I","842":";","843":"M","844":"A","845":"C","846":"x","847":"B","848":",","849":"I","850":"A","851":"A","852":"I","853":",","854":"C","855":"A","856":"A","857":"C","858":",","859":"Y","860":"A","861":"A","862":"Y","863":",","864":"G","865":"A","866":"A","867":"G","868":",","869":"8","870":"B","871":"A","872":"A","873":"8","874":"B","875":";","876":"I","877":"A","878":"C","879":"p","880":"D","881":",","882":"C","883":"A","884":"A","885":"C","886":";","887":"I","888":"A","889":"C","890":"D","891":",","892":"Q","893":"A","894":"A","895":"Q","896":",","897":"C","898":"A","899":"A","900":"C","901":",","902":"I","903":"A","904":"A","905":"I","906":",","907":"E","908":"A","909":"A","910":"E","911":";","912":"M","913":"A","914":"C","915":"b","916":",","917":"I","918":"A","919":"A","920":"I","921":",","922":"C","923":"A","924":"A","925":"C","926":",","927":"U","928":"A","929":"A","930":"U","931":",","932":"C","933":"A","934":"A","935":"C","936":",","937":"I","938":"A","939":"A","940":"I","941":",","942":"C","943":"A","944":"A","945":"C","946":";","947":"M","948":"A","949":"C","950":"r","951":"B","952":",","953":"I","954":"A","955":"A","956":"I","957":",","958":"C","959":"A","960":"A","961":"C","962":",","963":"Y","964":"A","965":"A","966":"Y","967":",","968":"G","969":"A","970":"A","971":"G","972":",","973":"I","974":"A","975":"A","976":"I","977":";","978":"M","979":"A","980":"C","981":"x","982":"B","983":",","984":"I","985":"A","986":"A","987":"I","988":",","989":"C","990":"A","991":"A","992":"C","993":",","994":"Y","995":"A","996":"A","997":"Y","998":",","999":"G","1000":"A","1001":"A","1002":"G","1003":",","1004":"8","1005":"B","1006":"A","1007":"A","1008":"8","1009":"B","1010":";","1011":"I","1012":"A","1013":"C","1014":"p","1015":"D","1016":",","1017":"C","1018":"A","1019":"A","1020":"C","1021":";","1022":"I","1023":"A","1024":"C","1025":"D","1026":",","1027":"Q","1028":"A","1029":"A","1030":"Q","1031":",","1032":"G","1033":"A","1034":"A","1035":"G","1036":";","1037":"M","1038":"A","1039":"C","1040":"T","1041":",","1042":"I","1043":"A","1044":"A","1045":"I","1046":",","1047":"C","1048":"A","1049":"A","1050":"C","1051":",","1052":"U","1053":"A","1054":"A","1055":"U","1056":",","1057":"C","1058":"A","1059":"A","1060":"C","1061":",","1062":"I","1063":"A","1064":"A","1065":"I","1066":",","1067":"C","1068":"A","1069":"A","1070":"C","1071":",","1072":"Y","1073":"A","1074":"A","1075":"Y","1076":",","1077":"C","1078":"A","1079":"A","1080":"C","1081":";","1082":"M","1083":"A","1084":"C","1085":"l","1086":"C","1087":",","1088":"I","1089":"A","1090":"A","1091":"I","1092":",","1093":"C","1094":"A","1095":"A","1096":"C","1097":",","1098":"Y","1099":"A","1100":"A","1101":"Y","1102":",","1103":"G","1104":"A","1105":"A","1106":"G","1107":",","1108":"I","1109":"A","1110":"A","1111":"I","1112":";","1113":"M","1114":"A","1115":"C","1116":"x","1117":"B","1118":",","1119":"I","1120":"A","1121":"A","1122":"I","1123":",","1124":"C","1125":"A","1126":"A","1127":"C","1128":",","1129":"Y","1130":"A","1131":"A","1132":"Y","1133":",","1134":"G","1135":"A","1136":"A","1137":"G","1138":",","1139":"8","1140":"B","1141":"A","1142":"A","1143":"8","1144":"B","1145":";","1146":"M","1147":"A","1148":"C","1149":"l","1150":"D","1151":",","1152":"I","1153":"A","1154":"A","1155":"I","1156":",","1157":"C","1158":"A","1159":"A","1160":"C","1161":",","1162":"Y","1163":"A","1164":"A","1165":"Y","1166":",","1167":"G","1168":"A","1169":"A","1170":"G","1171":",","1172":"S","1173":"A","1174":"A","1175":"S","1176":";","1177":"M","1178":"A","1179":"C","1180":"7","1181":"B","1182":",","1183":"I","1184":"A","1185":"A","1186":"I","1187":",","1188":"C","1189":"A","1190":"A","1191":"C","1192":",","1193":"U","1194":"A","1195":"A","1196":"U","1197":",","1198":"G","1199":"A","1200":"A","1201":"G","1202":",","1203":"K","1204":"A","1205":"A","1206":"K","1207":";","1208":"I","1209":"A","1210":"C","1211":"z","1212":"B","1213":",","1214":"C","1215":"A","1216":"A","1217":"C","1218":";","1219":"I","1220":"A","1221":"C","1222":"D","1223":";","1224":"I","1225":"A","1226":"C","1227":"A","1228":",","1229":"g","1230":"B","1231":"A","1232":"A","1233":"g","1234":"B","1235":",","1236":"G","1237":"A","1238":"A","1239":"G","1240":";","1241":"M","1242":"A","1243":"C","1244":"j","1245":"B","1246":",","1247":"I","1248":"A","1249":"A","1250":"I","1251":",","1252":"C","1253":"A","1254":"A","1255":"C","1256":",","1257":"M","1258":"A","1259":"A","1260":"M","1261":",","1262":"G","1263":"A","1264":"A","1265":"G","1266":",","1267":"I","1268":"A","1269":"A","1270":"I","1271":";","1272":"M","1273":"A","1274":"C","1275":"l","1276":"B","1277":",","1278":"I","1279":"A","1280":"A","1281":"I","1282":",","1283":"C","1284":"A","1285":"A","1286":"C","1287":",","1288":"Y","1289":"A","1290":"A","1291":"Y","1292":",","1293":"G","1294":"A","1295":"A","1296":"G","1297":",","1298":"S","1299":"A","1300":"A","1301":"S","1302":";","1303":"I","1304":"A","1305":"C","1306":"/","1307":"B","1308":",","1309":"C","1310":"A","1311":"A","1312":"C","1313":";","1314":"I","1315":"A","1316":"C","1317":"D","1318":",","1319":"c","1320":"A","1321":"A","1322":"c","1323":",","1324":"C","1325":"A","1326":"A","1327":"C","1328":",","1329":"I","1330":"A","1331":"A","1332":"I","1333":",","1334":"E","1335":"A","1336":"A","1337":"E","1338":";","1339":"M","1340":"A","1341":"C","1342":"n","1343":"B","1344":",","1345":"I","1346":"A","1347":"A","1348":"I","1349":",","1350":"C","1351":"A","1352":"A","1353":"C","1354":",","1355":"M","1356":"A","1357":"A","1358":"M","1359":",","1360":"G","1361":"A","1362":"A","1363":"G","1364":",","1365":"I","1366":"A","1367":"A","1368":"I","1369":";","1370":"M","1371":"A","1372":"C","1373":"l","1374":"B","1375":",","1376":"I","1377":"A","1378":"A","1379":"I","1380":",","1381":"C","1382":"A","1383":"A","1384":"C","1385":",","1386":"Y","1387":"A","1388":"A","1389":"Y","1390":",","1391":"G","1392":"A","1393":"A","1394":"G","1395":",","1396":"I","1397":"A","1398":"A","1399":"I","1400":";","1401":"I","1402":"A","1403":"C","1404":"1","1405":"B","1406":",","1407":"C","1408":"A","1409":"A","1410":"C","1411":";","1412":"I","1413":"A","1414":"C","1415":"D","1416":",","1417":"g","1418":"B","1419":"A","1420":"A","1421":"g","1422":"B","1423":",","1424":"C","1425":"A","1426":"A","1427":"C","1428":",","1429":"I","1430":"A","1431":"A","1432":"I","1433":",","1434":"E","1435":"A","1436":"A","1437":"E","1438":";","1439":"M","1440":"A","1441":"C","1442":"r","1443":"B","1444":",","1445":"I","1446":"A","1447":"A","1448":"I","1449":",","1450":"C","1451":"A","1452":"A","1453":"C","1454":",","1455":"U","1456":"A","1457":"A","1458":"U","1459":",","1460":"G","1461":"A","1462":"A","1463":"G","1464":",","1465":"I","1466":"A","1467":"A","1468":"I","1469":";","1470":"M","1471":"A","1472":"C","1473":"t","1474":"B","1475":",","1476":"I","1477":"A","1478":"A","1479":"I","1480":",","1481":"C","1482":"A","1483":"A","1484":"C","1485":",","1486":"Y","1487":"A","1488":"A","1489":"Y","1490":",","1491":"G","1492":"A","1493":"A","1494":"G","1495":",","1496":"I","1497":"A","1498":"A","1499":"I","1500":";","1501":"I","1502":"A","1503":"C","1504":"1","1505":"B","1506":",","1507":"C","1508":"A","1509":"A","1510":"C","1511":";","1512":"I","1513":"A","1514":"C","1515":"D","1516":";","1517":"I","1518":"A","1519":"C","1520":"A","1521":",","1522":"Q","1523":"A","1524":"A","1525":"Q","1526":",","1527":"C","1528":"A","1529":"A","1530":"C","1531":",","1532":"M","1533":"A","1534":"A","1535":"M","1536":",","1537":"E","1538":"A","1539":"A","1540":"E","1541":";","1542":"M","1543":"A","1544":"C","1545":"f","1546":",","1547":"I","1548":"A","1549":"A","1550":"I","1551":",","1552":"M","1553":"A","1554":"A","1555":"M","1556":";","1557":"M","1558":"A","1559":"A","1560":"K","1561":";","1562":"M","1563":"A","1564":"A","1565":"A","1566":";","1567":"M","1568":"A","1569":"A","1570":"A","1571":";","1572":"M","1573":"A","1574":"A","1575":"A","1576":",","1577":"U","1578":"A","1579":"A","1580":"U","1581":",","1582":"C","1583":"A","1584":"A","1585":"C","1586":",","1587":"O","1588":"A","1589":"A","1590":"O","1591":",","1592":"E","1593":"A","1594":"A","1595":"E","1596":";","1597":"Q","1598":"A","1599":"C","1600":"j","1601":"C","1602":",","1603":"O","1604":"A","1605":"A","1606":"O","1607":",","1608":"K","1609":"A","1610":"A","1611":"K","1612":";","1613":"M","1614":"A","1615":"C","1616":"d","1617":";","1618":"M","1619":"A","1620":"C","1621":"A","1622":",","1623":"I","1624":"A","1625":"A","1626":"I","1627":",","1628":"M","1629":"A","1630":"A","1631":"M","1632":";","1633":"M","1634":"A","1635":"A","1636":"K","1637":";","1638":"M","1639":"A","1640":"A","1641":"A","1642":";","1643":"M","1644":"A","1645":"A","1646":"A","1647":";","1648":"M","1649":"A","1650":"A","1651":"A","1652":",","1653":"U","1654":"A","1655":"A","1656":"U","1657":",","1658":"C","1659":"A","1660":"A","1661":"C","1662":",","1663":"S","1664":"A","1665":"A","1666":"S","1667":",","1668":"E","1669":"A","1670":"A","1671":"E","1672":";","1673":"Q","1674":"A","1675":"C","1676":"n","1677":"C","1678":",","1679":"O","1680":"A","1681":"A","1682":"O","1683":",","1684":"O","1685":"A","1686":"A","1687":"O","1688":";","1689":"M","1690":"A","1691":"C","1692":"h","1693":"B","1694":";","1695":"M","1696":"A","1697":"C","1698":"A","1699":",","1700":"O","1701":"A","1702":"A","1703":"O","1704":",","1705":"W","1706":"A","1707":"A","1708":"W","1709":";","1710":"I","1711":"A","1712":"C","1713":"p","1714":"B","1715":";","1716":"E","1717":"A","1718":"C","1719":"F","1720":";","1721":"A","1722":"A","1723":"C","1724":"F","1725":",","1726":"C","1727":"A","1728":"A","1729":"C","1730":";","1731":"A","1732":"A","1733":"A","1734":"A","1735":";","1736":"A","1737":"A","1738":"A","1739":"A","1740":"\"","1741":",","1742":"\"","1743":"f","1744":"i","1745":"l","1746":"e","1747":"\"","1748":":","1749":"\"","1750":"E","1751":":","1752":"\\","1753":"\\","1754":"p","1755":"i","1756":"x","1757":"e","1758":"l","1759":"\\","1760":"\\","1761":"b","1762":"o","1763":"o","1764":"k","1765":"-","1766":"m","1767":"a","1768":"n","1769":"a","1770":"g","1771":"e","1772":"m","1773":"e","1774":"n","1775":"t","1776":"\\","1777":"\\","1778":"s","1779":"r","1780":"c","1781":"\\","1782":"\\","1783":"c","1784":"o","1785":"m","1786":"p","1787":"o","1788":"n","1789":"e","1790":"n","1791":"t","1792":"s","1793":"\\","1794":"\\","1795":"B","1796":"o","1797":"o","1798":"k","1799":"s","1800":".","1801":"v","1802":"u","1803":"e","1804":"\"","1805":",","1806":"\"","1807":"s","1808":"o","1809":"u","1810":"r","1811":"c","1812":"e","1813":"s","1814":"C","1815":"o","1816":"n","1817":"t","1818":"e","1819":"n","1820":"t","1821":"\"","1822":":","1823":"[","1824":"\"","1825":"<","1826":"t","1827":"e","1828":"m","1829":"p","1830":"l","1831":"a","1832":"t","1833":"e","1834":">","1835":"\\","1836":"n","1837":" ","1838":" ","1839":"<","1840":"v","1841":"-","1842":"c","1843":"o","1844":"n","1845":"t","1846":"a","1847":"i","1848":"n","1849":"e","1850":"r","1851":">","1852":"\\","1853":"n","1854":" ","1855":" ","1856":" ","1857":" ","1858":"<","1859":"d","1860":"i","1861":"v","1862":" ","1863":"c","1864":"l","1865":"a","1866":"s","1867":"s","1868":"=","1869":"\\","1870":"\"","1871":"b","1872":"o","1873":"o","1874":"k","1875":"s","1876":"-","1877":"t","1878":"a","1879":"b","1880":"l","1881":"e","1882":"\\","1883":"\"","1884":">","1885":"\\","1886":"n","1887":" ","1888":" ","1889":" ","1890":" ","1891":" ","1892":" ","1893":"<","1894":"!","1895":"-","1896":"-","1897":" ","1898":"H","1899":"e","1900":"a","1901":"d","1902":"e","1903":"r","1904":" ","1905":"s","1906":"e","1907":"c","1908":"t","1909":"i","1910":"o","1911":"n","1912":" ","1913":"w","1914":"i","1915":"t","1916":"h","1917":" ","1918":"t","1919":"i","1920":"t","1921":"l","1922":"e","1923":" ","1924":"a","1925":"n","1926":"d","1927":" ","1928":"c","1929":"r","1930":"e","1931":"a","1932":"t","1933":"e","1934":" ","1935":"b","1936":"u","1937":"t","1938":"t","1939":"o","1940":"n","1941":" ","1942":"-","1943":"-","1944":">","1945":"\\","1946":"n","1947":" ","1948":" ","1949":" ","1950":" ","1951":" ","1952":" ","1953":"<","1954":"d","1955":"i","1956":"v","1957":" ","1958":"c","1959":"l","1960":"a","1961":"s","1962":"s","1963":"=","1964":"\\","1965":"\"","1966":"h","1967":"e","1968":"a","1969":"d","1970":"e","1971":"r","1972":"\\","1973":"\"","1974":">","1975":"\\","1976":"n","1977":" ","1978":" ","1979":" ","1980":" ","1981":" ","1982":" ","1983":" ","1984":" ","1985":"<","1986":"h","1987":"3","1988":">","1989":"M","1990":"a","1991":"n","1992":"a","1993":"g","1994":"e","1995":" ","1996":"B","1997":"o","1998":"o","1999":"k","2000":"s","2001":"<","2002":"/","2003":"h","2004":"3","2005":">","2006":"\\","2007":"n","2008":" ","2009":" ","2010":" ","2011":" ","2012":" ","2013":" ","2014":" ","2015":" ","2016":"<","2017":"v","2018":"-","2019":"b","2020":"t","2021":"n","2022":" ","2023":"c","2024":"o","2025":"l","2026":"o","2027":"r","2028":"=","2029":"\\","2030":"\"","2031":"p","2032":"r","2033":"i","2034":"m","2035":"a","2036":"r","2037":"y","2038":"\\","2039":"\"","2040":" ","2041":"@","2042":"c","2043":"l","2044":"i","2045":"c","2046":"k","2047":"=","2048":"\\","2049":"\"","2050":"o","2051":"p","2052":"e","2053":"n","2054":"C","2055":"r","2056":"e","2057":"a","2058":"t","2059":"e","2060":"D","2061":"i","2062":"a","2063":"l","2064":"o","2065":"g","2066":"(","2067":")","2068":"\\","2069":"\"","2070":">","2071":" ","2072":"C","2073":"r","2074":"e","2075":"a","2076":"t","2077":"e","2078":" ","2079":"<","2080":"/","2081":"v","2082":"-","2083":"b","2084":"t","2085":"n","2086":">","2087":"\\","2088":"n","2089":" ","2090":" ","2091":" ","2092":" ","2093":" ","2094":" ","2095":"<","2096":"/","2097":"d","2098":"i","2099":"v","2100":">","2101":"\\","2102":"n","2103":" ","2104":" ","2105":" ","2106":" ","2107":" ","2108":" ","2109":"<","2110":"!","2111":"-","2112":"-","2113":" ","2114":"T","2115":"a","2116":"b","2117":"l","2118":"e","2119":" ","2120":"t","2121":"o","2122":" ","2123":"d","2124":"i","2125":"s","2126":"p","2127":"l","2128":"a","2129":"y","2130":" ","2131":"b","2132":"o","2133":"o","2134":"k","2135":"s","2136":" ","2137":"-","2138":"-","2139":">","2140":"\\","2141":"n","2142":" ","2143":" ","2144":" ","2145":" ","2146":" ","2147":" ","2148":"<","2149":"v","2150":"-","2151":"t","2152":"a","2153":"b","2154":"l","2155":"e","2156":">","2157":"\\","2158":"n","2159":" ","2160":" ","2161":" ","2162":" ","2163":" ","2164":" ","2165":" ","2166":" ","2167":"<","2168":"t","2169":"h","2170":"e","2171":"a","2172":"d","2173":">","2174":"\\","2175":"n","2176":" ","2177":" ","2178":" ","2179":" ","2180":" ","2181":" ","2182":" ","2183":" ","2184":" ","2185":" ","2186":"<","2187":"t","2188":"r","2189":">","2190":"\\","2191":"n","2192":" ","2193":" ","2194":" ","2195":" ","2196":" ","2197":" ","2198":" ","2199":" ","2200":" ","2201":" ","2202":" ","2203":" ","2204":"<","2205":"t","2206":"h","2207":">","2208":"I","2209":"D","2210":"<","2211":"/","2212":"t","2213":"h","2214":">","2215":"\\","2216":"n","2217":" ","2218":" ","2219":" ","2220":" ","2221":" ","2222":" ","2223":" ","2224":" ","2225":" ","2226":" ","2227":" ","2228":" ","2229":"<","2230":"t","2231":"h","2232":" ","2233":"c","2234":"l","2235":"a","2236":"s","2237":"s","2238":"=","2239":"\\","2240":"\"","2241":"t","2242":"e","2243":"x","2244":"t","2245":"-","2246":"l","2247":"e","2248":"f","2249":"t","2250":" ","2251":"w","2252":"-","2253":"5","2254":"0","2255":"\\","2256":"\"","2257":">","2258":"T","2259":"i","2260":"t","2261":"l","2262":"e","2263":"<","2264":"/","2265":"t","2266":"h","2267":">","2268":"\\","2269":"n","2270":" ","2271":" ","2272":" ","2273":" ","2274":" ","2275":" ","2276":" ","2277":" ","2278":" ","2279":" ","2280":" ","2281":" ","2282":"<","2283":"t","2284":"h","2285":" ","2286":"c","2287":"l","2288":"a","2289":"s","2290":"s","2291":"=","2292":"\\","2293":"\"","2294":"t","2295":"e","2296":"x","2297":"t","2298":"-","2299":"l","2300":"e","2301":"f","2302":"t","2303":"\\","2304":"\"","2305":">","2306":"S","2307":"t","2308":"a","2309":"t","2310":"u","2311":"s","2312":"<","2313":"/","2314":"t","2315":"h","2316":">","2317":"\\","2318":"n","2319":" ","2320":" ","2321":" ","2322":" ","2323":" ","2324":" ","2325":" ","2326":" ","2327":" ","2328":" ","2329":" ","2330":" ","2331":"<","2332":"t","2333":"h","2334":">","2335":"A","2336":"c","2337":"t","2338":"i","2339":"o","2340":"n","2341":"s","2342":"<","2343":"/","2344":"t","2345":"h","2346":">","2347":"\\","2348":"n","2349":" ","2350":" ","2351":" ","2352":" ","2353":" ","2354":" ","2355":" ","2356":" ","2357":" ","2358":" ","2359":"<","2360":"/","2361":"t","2362":"r","2363":">","2364":"\\","2365":"n","2366":" ","2367":" ","2368":" ","2369":" ","2370":" ","2371":" ","2372":" ","2373":" ","2374":"<","2375":"/","2376":"t","2377":"h","2378":"e","2379":"a","2380":"d","2381":">","2382":"\\","2383":"n","2384":" ","2385":" ","2386":" ","2387":" ","2388":" ","2389":" ","2390":" ","2391":" ","2392":"<","2393":"t","2394":"b","2395":"o","2396":"d","2397":"y","2398":">","2399":"\\","2400":"n","2401":" ","2402":" ","2403":" ","2404":" ","2405":" ","2406":" ","2407":" ","2408":" ","2409":" ","2410":" ","2411":"<","2412":"!","2413":"-","2414":"-","2415":" ","2416":"L","2417":"o","2418":"o","2419":"p","2420":" ","2421":"t","2422":"h","2423":"r","2424":"o","2425":"u","2426":"g","2427":"h","2428":" ","2429":"b","2430":"o","2431":"o","2432":"k","2433":"s","2434":" ","2435":"a","2436":"n","2437":"d","2438":" ","2439":"d","2440":"i","2441":"s","2442":"p","2443":"l","2444":"a","2445":"y","2446":" ","2447":"e","2448":"a","2449":"c","2450":"h","2451":" ","2452":"b","2453":"o","2454":"o","2455":"k","2456":" ","2457":"i","2458":"n","2459":" ","2460":"a","2461":" ","2462":"r","2463":"o","2464":"w","2465":" ","2466":"-","2467":"-","2468":">","2469":"\\","2470":"n","2471":" ","2472":" ","2473":" ","2474":" ","2475":" ","2476":" ","2477":" ","2478":" ","2479":" ","2480":" ","2481":"<","2482":"t","2483":"r","2484":" ","2485":"v","2486":"-","2487":"f","2488":"o","2489":"r","2490":"=","2491":"\\","2492":"\"","2493":"b","2494":"o","2495":"o","2496":"k","2497":" ","2498":"i","2499":"n","2500":" ","2501":"b","2502":"o","2503":"o","2504":"k","2505":"s","2506":"\\","2507":"\"","2508":" ","2509":":","2510":"k","2511":"e","2512":"y","2513":"=","2514":"\\","2515":"\"","2516":"b","2517":"o","2518":"o","2519":"k","2520":".","2521":"i","2522":"d","2523":"\\","2524":"\"","2525":">","2526":"\\","2527":"n","2528":" ","2529":" ","2530":" ","2531":" ","2532":" ","2533":" ","2534":" ","2535":" ","2536":" ","2537":" ","2538":" ","2539":" ","2540":"<","2541":"t","2542":"d","2543":" ","2544":"c","2545":"l","2546":"a","2547":"s","2548":"s","2549":"=","2550":"\\","2551":"\"","2552":"t","2553":"e","2554":"x","2555":"t","2556":"-","2557":"l","2558":"e","2559":"f","2560":"t","2561":"\\","2562":"\"","2563":">","2564":"{","2565":"{","2566":" ","2567":"b","2568":"o","2569":"o","2570":"k","2571":".","2572":"i","2573":"d","2574":" ","2575":"}","2576":"}","2577":"<","2578":"/","2579":"t","2580":"d","2581":">","2582":"\\","2583":"n","2584":" ","2585":" ","2586":" ","2587":" ","2588":" ","2589":" ","2590":" ","2591":" ","2592":" ","2593":" ","2594":" ","2595":" ","2596":"<","2597":"t","2598":"d","2599":" ","2600":"c","2601":"l","2602":"a","2603":"s","2604":"s","2605":"=","2606":"\\","2607":"\"","2608":"w","2609":"-","2610":"5","2611":"0","2612":" ","2613":"t","2614":"e","2615":"x","2616":"t","2617":"-","2618":"l","2619":"e","2620":"f","2621":"t","2622":"\\","2623":"\"","2624":">","2625":"{","2626":"{","2627":" ","2628":"b","2629":"o","2630":"o","2631":"k","2632":".","2633":"t","2634":"i","2635":"t","2636":"l","2637":"e","2638":" ","2639":"}","2640":"}","2641":"<","2642":"/","2643":"t","2644":"d","2645":">","2646":"\\","2647":"n","2648":" ","2649":" ","2650":" ","2651":" ","2652":" ","2653":" ","2654":" ","2655":" ","2656":" ","2657":" ","2658":" ","2659":" ","2660":"<","2661":"t","2662":"d","2663":" ","2664":"c","2665":"l","2666":"a","2667":"s","2668":"s","2669":"=","2670":"\\","2671":"\"","2672":"t","2673":"e","2674":"x","2675":"t","2676":"-","2677":"l","2678":"e","2679":"f","2680":"t","2681":"\\","2682":"\"","2683":">","2684":"\\","2685":"n","2686":" ","2687":" ","2688":" ","2689":" ","2690":" ","2691":" ","2692":" ","2693":" ","2694":" ","2695":" ","2696":" ","2697":" ","2698":" ","2699":" ","2700":"<","2701":"v","2702":"-","2703":"c","2704":"h","2705":"i","2706":"p","2707":" ","2708":"l","2709":"a","2710":"b","2711":"e","2712":"l","2713":" ","2714":":","2715":"c","2716":"o","2717":"l","2718":"o","2719":"r","2720":"=","2721":"\\","2722":"\"","2723":"g","2724":"e","2725":"t","2726":"C","2727":"o","2728":"l","2729":"o","2730":"r","2731":"(","2732":"b","2733":"o","2734":"o","2735":"k","2736":".","2737":"s","2738":"t","2739":"a","2740":"t","2741":"u","2742":"s","2743":")","2744":"\\","2745":"\"","2746":">","2747":"\\","2748":"n","2749":" ","2750":" ","2751":" ","2752":" ","2753":" ","2754":" ","2755":" ","2756":" ","2757":" ","2758":" ","2759":" ","2760":" ","2761":" ","2762":" ","2763":" ","2764":" ","2765":"{","2766":"{","2767":" ","2768":"b","2769":"o","2770":"o","2771":"k","2772":".","2773":"s","2774":"t","2775":"a","2776":"t","2777":"u","2778":"s","2779":" ","2780":"}","2781":"}","2782":"\\","2783":"n","2784":" ","2785":" ","2786":" ","2787":" ","2788":" ","2789":" ","2790":" ","2791":" ","2792":" ","2793":" ","2794":" ","2795":" ","2796":" ","2797":" ","2798":"<","2799":"/","2800":"v","2801":"-","2802":"c","2803":"h","2804":"i","2805":"p","2806":">","2807":"\\","2808":"n","2809":" ","2810":" ","2811":" ","2812":" ","2813":" ","2814":" ","2815":" ","2816":" ","2817":" ","2818":" ","2819":" ","2820":" ","2821":"<","2822":"/","2823":"t","2824":"d","2825":">","2826":"\\","2827":"n","2828":" ","2829":" ","2830":" ","2831":" ","2832":" ","2833":" ","2834":" ","2835":" ","2836":" ","2837":" ","2838":" ","2839":" ","2840":"<","2841":"t","2842":"d","2843":" ","2844":"c","2845":"l","2846":"a","2847":"s","2848":"s","2849":"=","2850":"\\","2851":"\"","2852":"t","2853":"e","2854":"x","2855":"t","2856":"-","2857":"l","2858":"e","2859":"f","2860":"t","2861":"\\","2862":"\"","2863":">","2864":"\\","2865":"n","2866":" ","2867":" ","2868":" ","2869":" ","2870":" ","2871":" ","2872":" ","2873":" ","2874":" ","2875":" ","2876":" ","2877":" ","2878":" ","2879":" ","2880":"<","2881":"d","2882":"i","2883":"v","2884":" ","2885":"c","2886":"l","2887":"a","2888":"s","2889":"s","2890":"=","2891":"\\","2892":"\"","2893":"d","2894":"-","2895":"f","2896":"l","2897":"e","2898":"x","2899":"\\","2900":"\"","2901":">","2902":"\\","2903":"n","2904":" ","2905":" ","2906":" ","2907":" ","2908":" ","2909":" ","2910":" ","2911":" ","2912":" ","2913":" ","2914":" ","2915":" ","2916":" ","2917":" ","2918":" ","2919":" ","2920":"<","2921":"!","2922":"-","2923":"-","2924":" ","2925":"E","2926":"d","2927":"i","2928":"t","2929":" ","2930":"a","2931":"n","2932":"d","2933":" ","2934":"D","2935":"e","2936":"l","2937":"e","2938":"t","2939":"e","2940":" ","2941":"b","2942":"u","2943":"t","2944":"t","2945":"o","2946":"n","2947":"s","2948":" ","2949":"f","2950":"o","2951":"r","2952":" ","2953":"e","2954":"a","2955":"c","2956":"h","2957":" ","2958":"b","2959":"o","2960":"o","2961":"k","2962":" ","2963":"-","2964":"-","2965":">","2966":"\\","2967":"n","2968":" ","2969":" ","2970":" ","2971":" ","2972":" ","2973":" ","2974":" ","2975":" ","2976":" ","2977":" ","2978":" ","2979":" ","2980":" ","2981":" ","2982":" ","2983":" ","2984":"<","2985":"v","2986":"-","2987":"b","2988":"t","2989":"n","2990":"\\","2991":"n","2992":" ","2993":" ","2994":" ","2995":" ","2996":" ","2997":" ","2998":" ","2999":" ","3000":" ","3001":" ","3002":" ","3003":" ","3004":" ","3005":" ","3006":" ","3007":" ","3008":" ","3009":" ","3010":"c","3011":"o","3012":"l","3013":"o","3014":"r","3015":"=","3016":"\\","3017":"\"","3018":"p","3019":"r","3020":"i","3021":"m","3022":"a","3023":"r","3024":"y","3025":"\\","3026":"\"","3027":"\\","3028":"n","3029":" ","3030":" ","3031":" ","3032":" ","3033":" ","3034":" ","3035":" ","3036":" ","3037":" ","3038":" ","3039":" ","3040":" ","3041":" ","3042":" ","3043":" ","3044":" ","3045":" ","3046":" ","3047":"v","3048":"a","3049":"r","3050":"i","3051":"a","3052":"n","3053":"t","3054":"=","3055":"\\","3056":"\"","3057":"t","3058":"e","3059":"x","3060":"t","3061":"\\","3062":"\"","3063":"\\","3064":"n","3065":" ","3066":" ","3067":" ","3068":" ","3069":" ","3070":" ","3071":" ","3072":" ","3073":" ","3074":" ","3075":" ","3076":" ","3077":" ","3078":" ","3079":" ","3080":" ","3081":" ","3082":" ","3083":"@","3084":"c","3085":"l","3086":"i","3087":"c","3088":"k","3089":"=","3090":"\\","3091":"\"","3092":"o","3093":"p","3094":"e","3095":"n","3096":"E","3097":"d","3098":"i","3099":"t","3100":"D","3101":"i","3102":"a","3103":"l","3104":"o","3105":"g","3106":"(","3107":"b","3108":"o","3109":"o","3110":"k","3111":")","3112":"\\","3113":"\"","3114":"\\","3115":"n","3116":" ","3117":" ","3118":" ","3119":" ","3120":" ","3121":" ","3122":" ","3123":" ","3124":" ","3125":" ","3126":" ","3127":" ","3128":" ","3129":" ","3130":" ","3131":" ","3132":" ","3133":" ","3134":">","3135":"E","3136":"d","3137":"i","3138":"t","3139":"<","3140":"/","3141":"v","3142":"-","3143":"b","3144":"t","3145":"n","3146":"\\","3147":"n","3148":" ","3149":" ","3150":" ","3151":" ","3152":" ","3153":" ","3154":" ","3155":" ","3156":" ","3157":" ","3158":" ","3159":" ","3160":" ","3161":" ","3162":" ","3163":" ","3164":">","3165":"\\","3166":"n","3167":" ","3168":" ","3169":" ","3170":" ","3171":" ","3172":" ","3173":" ","3174":" ","3175":" ","3176":" ","3177":" ","3178":" ","3179":" ","3180":" ","3181":" ","3182":" ","3183":"<","3184":"d","3185":"i","3186":"v","3187":" ","3188":"c","3189":"l","3190":"a","3191":"s","3192":"s","3193":"=","3194":"\\","3195":"\"","3196":"d","3197":"i","3198":"v","3199":"i","3200":"d","3201":"e","3202":"r","3203":"\\","3204":"\"","3205":" ","3206":"/","3207":">","3208":"\\","3209":"n","3210":" ","3211":" ","3212":" ","3213":" ","3214":" ","3215":" ","3216":" ","3217":" ","3218":" ","3219":" ","3220":" ","3221":" ","3222":" ","3223":" ","3224":" ","3225":" ","3226":"<","3227":"v","3228":"-","3229":"b","3230":"t","3231":"n","3232":"\\","3233":"n","3234":" ","3235":" ","3236":" ","3237":" ","3238":" ","3239":" ","3240":" ","3241":" ","3242":" ","3243":" ","3244":" ","3245":" ","3246":" ","3247":" ","3248":" ","3249":" ","3250":" ","3251":" ","3252":"v","3253":"a","3254":"r","3255":"i","3256":"a","3257":"n","3258":"t","3259":"=","3260":"\\","3261":"\"","3262":"t","3263":"e","3264":"x","3265":"t","3266":"\\","3267":"\"","3268":"\\","3269":"n","3270":" ","3271":" ","3272":" ","3273":" ","3274":" ","3275":" ","3276":" ","3277":" ","3278":" ","3279":" ","3280":" ","3281":" ","3282":" ","3283":" ","3284":" ","3285":" ","3286":" ","3287":" ","3288":"c","3289":"o","3290":"l","3291":"o","3292":"r","3293":"=","3294":"\\","3295":"\"","3296":"p","3297":"r","3298":"i","3299":"m","3300":"a","3301":"r","3302":"y","3303":"\\","3304":"\"","3305":"\\","3306":"n","3307":" ","3308":" ","3309":" ","3310":" ","3311":" ","3312":" ","3313":" ","3314":" ","3315":" ","3316":" ","3317":" ","3318":" ","3319":" ","3320":" ","3321":" ","3322":" ","3323":" ","3324":" ","3325":"@","3326":"c","3327":"l","3328":"i","3329":"c","3330":"k","3331":"=","3332":"\\","3333":"\"","3334":"o","3335":"p","3336":"e","3337":"n","3338":"D","3339":"e","3340":"l","3341":"e","3342":"t","3343":"e","3344":"D","3345":"i","3346":"a","3347":"l","3348":"o","3349":"g","3350":"(","3351":"b","3352":"o","3353":"o","3354":"k","3355":")","3356":"\\","3357":"\"","3358":"\\","3359":"n","3360":" ","3361":" ","3362":" ","3363":" ","3364":" ","3365":" ","3366":" ","3367":" ","3368":" ","3369":" ","3370":" ","3371":" ","3372":" ","3373":" ","3374":" ","3375":" ","3376":" ","3377":" ","3378":">","3379":"D","3380":"e","3381":"l","3382":"e","3383":"t","3384":"e","3385":"<","3386":"/","3387":"v","3388":"-","3389":"b","3390":"t","3391":"n","3392":"\\","3393":"n","3394":" ","3395":" ","3396":" ","3397":" ","3398":" ","3399":" ","3400":" ","3401":" ","3402":" ","3403":" ","3404":" ","3405":" ","3406":" ","3407":" ","3408":" ","3409":" ","3410":">","3411":"\\","3412":"n","3413":" ","3414":" ","3415":" ","3416":" ","3417":" ","3418":" ","3419":" ","3420":" ","3421":" ","3422":" ","3423":" ","3424":" ","3425":" ","3426":" ","3427":"<","3428":"/","3429":"d","3430":"i","3431":"v","3432":">","3433":"\\","3434":"n","3435":" ","3436":" ","3437":" ","3438":" ","3439":" ","3440":" ","3441":" ","3442":" ","3443":" ","3444":" ","3445":" ","3446":" ","3447":"<","3448":"/","3449":"t","3450":"d","3451":">","3452":"\\","3453":"n","3454":" ","3455":" ","3456":" ","3457":" ","3458":" ","3459":" ","3460":" ","3461":" ","3462":" ","3463":" ","3464":"<","3465":"/","3466":"t","3467":"r","3468":">","3469":"\\","3470":"n","3471":" ","3472":" ","3473":" ","3474":" ","3475":" ","3476":" ","3477":" ","3478":" ","3479":" ","3480":" ","3481":"<","3482":"t","3483":"r","3484":" ","3485":"v","3486":"-","3487":"i","3488":"f","3489":"=","3490":"\\","3491":"\"","3492":"!","3493":"b","3494":"o","3495":"o","3496":"k","3497":"s","3498":".","3499":"l","3500":"e","3501":"n","3502":"g","3503":"t","3504":"h","3505":"\\","3506":"\"","3507":">","3508":"\\","3509":"n","3510":" ","3511":" ","3512":" ","3513":" ","3514":" ","3515":" ","3516":" ","3517":" ","3518":" ","3519":" ","3520":" ","3521":" ","3522":"<","3523":"t","3524":"d","3525":" ","3526":"c","3527":"o","3528":"l","3529":"s","3530":"p","3531":"a","3532":"n","3533":"=","3534":"\\","3535":"\"","3536":"4","3537":"\\","3538":"\"","3539":" ","3540":"c","3541":"l","3542":"a","3543":"s","3544":"s","3545":"=","3546":"\\","3547":"\"","3548":"t","3549":"e","3550":"x","3551":"t","3552":"-","3553":"c","3554":"e","3555":"n","3556":"t","3557":"e","3558":"r","3559":" ","3560":"p","3561":"y","3562":"-","3563":"1","3564":"0","3565":"\\","3566":"\"","3567":">","3568":"N","3569":"o","3570":" ","3571":"B","3572":"o","3573":"o","3574":"k","3575":"s","3576":"<","3577":"/","3578":"t","3579":"d","3580":">","3581":"\\","3582":"n","3583":" ","3584":" ","3585":" ","3586":" ","3587":" ","3588":" ","3589":" ","3590":" ","3591":" ","3592":" ","3593":"<","3594":"/","3595":"t","3596":"r","3597":">","3598":"\\","3599":"n","3600":" ","3601":" ","3602":" ","3603":" ","3604":" ","3605":" ","3606":" ","3607":" ","3608":"<","3609":"/","3610":"t","3611":"b","3612":"o","3613":"d","3614":"y","3615":">","3616":"\\","3617":"n","3618":" ","3619":" ","3620":" ","3621":" ","3622":" ","3623":" ","3624":"<","3625":"/","3626":"v","3627":"-","3628":"t","3629":"a","3630":"b","3631":"l","3632":"e","3633":">","3634":"\\","3635":"n","3636":" ","3637":" ","3638":" ","3639":" ","3640":" ","3641":" ","3642":"<","3643":"!","3644":"-","3645":"-","3646":" ","3647":"E","3648":"d","3649":"i","3650":"t","3651":" ","3652":"d","3653":"i","3654":"a","3655":"l","3656":"o","3657":"g","3658":" ","3659":"-","3660":"-","3661":">","3662":"\\","3663":"n","3664":" ","3665":" ","3666":" ","3667":" ","3668":" ","3669":" ","3670":"<","3671":"v","3672":"-","3673":"d","3674":"i","3675":"a","3676":"l","3677":"o","3678":"g","3679":" ","3680":"v","3681":"-","3682":"m","3683":"o","3684":"d","3685":"e","3686":"l","3687":"=","3688":"\\","3689":"\"","3690":"i","3691":"s","3692":"O","3693":"p","3694":"e","3695":"n","3696":"\\","3697":"\"","3698":" ","3699":"w","3700":"i","3701":"d","3702":"t","3703":"h","3704":"=","3705":"\\","3706":"\"","3707":"a","3708":"u","3709":"t","3710":"o","3711":"\\","3712":"\"","3713":">","3714":"\\","3715":"n","3716":" ","3717":" ","3718":" ","3719":" ","3720":" ","3721":" ","3722":" ","3723":" ","3724":"<","3725":"e","3726":"d","3727":"i","3728":"t","3729":"-","3730":"d","3731":"i","3732":"a","3733":"l","3734":"o","3735":"g","3736":"-","3737":"f","3738":"o","3739":"r","3740":"m","3741":"\\","3742":"n","3743":" ","3744":" ","3745":" ","3746":" ","3747":" ","3748":" ","3749":" ","3750":" ","3751":" ","3752":" ","3753":"@","3754":"c","3755":"l","3756":"o","3757":"s","3758":"e","3759":"=","3760":"\\","3761":"\"","3762":"i","3763":"s","3764":"O","3765":"p","3766":"e","3767":"n","3768":" ","3769":"=","3770":" ","3771":"f","3772":"a","3773":"l","3774":"s","3775":"e","3776":"\\","3777":"\"","3778":"\\","3779":"n","3780":" ","3781":" ","3782":" ","3783":" ","3784":" ","3785":" ","3786":" ","3787":" ","3788":" ","3789":" ","3790":"@","3791":"c","3792":"r","3793":"e","3794":"a","3795":"t","3796":"e","3797":"=","3798":"\\","3799":"\"","3800":"o","3801":"n","3802":"C","3803":"r","3804":"e","3805":"a","3806":"t","3807":"e","3808":"(","3809":"$","3810":"e","3811":"v","3812":"e","3813":"n","3814":"t","3815":")","3816":"\\","3817":"\"","3818":"\\","3819":"n","3820":" ","3821":" ","3822":" ","3823":" ","3824":" ","3825":" ","3826":" ","3827":" ","3828":" ","3829":" ","3830":"@","3831":"u","3832":"p","3833":"d","3834":"a","3835":"t","3836":"e","3837":"=","3838":"\\","3839":"\"","3840":"o","3841":"n","3842":"U","3843":"p","3844":"d","3845":"a","3846":"t","3847":"e","3848":"(","3849":"$","3850":"e","3851":"v","3852":"e","3853":"n","3854":"t","3855":")","3856":"\\","3857":"\"","3858":"\\","3859":"n","3860":" ","3861":" ","3862":" ","3863":" ","3864":" ","3865":" ","3866":" ","3867":" ","3868":" ","3869":" ","3870":":","3871":"b","3872":"o","3873":"o","3874":"k","3875":"=","3876":"\\","3877":"\"","3878":"s","3879":"e","3880":"l","3881":"e","3882":"c","3883":"t","3884":"e","3885":"d","3886":"B","3887":"o","3888":"o","3889":"k","3890":"\\","3891":"\"","3892":"\\","3893":"n","3894":" ","3895":" ","3896":" ","3897":" ","3898":" ","3899":" ","3900":" ","3901":" ","3902":">","3903":"<","3904":"/","3905":"e","3906":"d","3907":"i","3908":"t","3909":"-","3910":"d","3911":"i","3912":"a","3913":"l","3914":"o","3915":"g","3916":"-","3917":"f","3918":"o","3919":"r","3920":"m","3921":">","3922":"\\","3923":"n","3924":" ","3925":" ","3926":" ","3927":" ","3928":" ","3929":" ","3930":"<","3931":"/","3932":"v","3933":"-","3934":"d","3935":"i","3936":"a","3937":"l","3938":"o","3939":"g","3940":">","3941":"\\","3942":"n","3943":" ","3944":" ","3945":" ","3946":" ","3947":" ","3948":" ","3949":"<","3950":"!","3951":"-","3952":"-","3953":" ","3954":"D","3955":"e","3956":"l","3957":"e","3958":"t","3959":"e","3960":" ","3961":"c","3962":"o","3963":"n","3964":"f","3965":"i","3966":"r","3967":"m","3968":"a","3969":"t","3970":"i","3971":"o","3972":"n","3973":" ","3974":"d","3975":"i","3976":"a","3977":"l","3978":"o","3979":"g","3980":" ","3981":"-","3982":"-","3983":">","3984":"\\","3985":"n","3986":" ","3987":" ","3988":" ","3989":" ","3990":" ","3991":" ","3992":"<","3993":"v","3994":"-","3995":"d","3996":"i","3997":"a","3998":"l","3999":"o","4000":"g","4001":" ","4002":"v","4003":"-","4004":"m","4005":"o","4006":"d","4007":"e","4008":"l","4009":"=","4010":"\\","4011":"\"","4012":"d","4013":"e","4014":"l","4015":"e","4016":"t","4017":"e","4018":"O","4019":"p","4020":"e","4021":"n","4022":"\\","4023":"\"","4024":" ","4025":"w","4026":"i","4027":"d","4028":"t","4029":"h","4030":"=","4031":"\\","4032":"\"","4033":"a","4034":"u","4035":"t","4036":"o","4037":"\\","4038":"\"","4039":">","4040":"\\","4041":"n","4042":" ","4043":" ","4044":" ","4045":" ","4046":" ","4047":" ","4048":" ","4049":" ","4050":"<","4051":"d","4052":"e","4053":"l","4054":"e","4055":"t","4056":"e","4057":"-","4058":"c","4059":"o","4060":"n","4061":"f","4062":"i","4063":"r","4064":"m","4065":"\\","4066":"n","4067":" ","4068":" ","4069":" ","4070":" ","4071":" ","4072":" ","4073":" ","4074":" ","4075":" ","4076":" ","4077":"@","4078":"d","4079":"e","4080":"l","4081":"e","4082":"t","4083":"e","4084":"=","4085":"\\","4086":"\"","4087":"o","4088":"n","4089":"D","4090":"e","4091":"l","4092":"e","4093":"t","4094":"e","4095":"(","4096":")","4097":"\\","4098":"\"","4099":"\\","4100":"n","4101":" ","4102":" ","4103":" ","4104":" ","4105":" ","4106":" ","4107":" ","4108":" ","4109":" ","4110":" ","4111":"@","4112":"c","4113":"l","4114":"o","4115":"s","4116":"e","4117":"=","4118":"\\","4119":"\"","4120":"d","4121":"e","4122":"l","4123":"e","4124":"t","4125":"e","4126":"O","4127":"p","4128":"e","4129":"n","4130":" ","4131":"=","4132":" ","4133":"f","4134":"a","4135":"l","4136":"s","4137":"e","4138":"\\","4139":"\"","4140":"\\","4141":"n","4142":" ","4143":" ","4144":" ","4145":" ","4146":" ","4147":" ","4148":" ","4149":" ","4150":">","4151":"<","4152":"/","4153":"d","4154":"e","4155":"l","4156":"e","4157":"t","4158":"e","4159":"-","4160":"c","4161":"o","4162":"n","4163":"f","4164":"i","4165":"r","4166":"m","4167":">","4168":"\\","4169":"n","4170":" ","4171":" ","4172":" ","4173":" ","4174":" ","4175":" ","4176":"<","4177":"/","4178":"v","4179":"-","4180":"d","4181":"i","4182":"a","4183":"l","4184":"o","4185":"g","4186":">","4187":"\\","4188":"n","4189":" ","4190":" ","4191":" ","4192":" ","4193":"<","4194":"/","4195":"d","4196":"i","4197":"v","4198":">","4199":"\\","4200":"n","4201":" ","4202":" ","4203":" ","4204":" ","4205":"<","4206":"!","4207":"-","4208":"-","4209":" ","4210":"S","4211":"n","4212":"a","4213":"c","4214":"k","4215":"b","4216":"a","4217":"r","4218":" ","4219":"f","4220":"o","4221":"r","4222":" ","4223":"s","4224":"u","4225":"c","4226":"c","4227":"e","4228":"s","4229":"s","4230":" ","4231":"m","4232":"e","4233":"s","4234":"s","4235":"a","4236":"g","4237":"e","4238":"s","4239":" ","4240":"-","4241":"-","4242":">","4243":"\\","4244":"n","4245":" ","4246":" ","4247":" ","4248":" ","4249":"<","4250":"v","4251":"-","4252":"s","4253":"n","4254":"a","4255":"c","4256":"k","4257":"b","4258":"a","4259":"r","4260":"\\","4261":"n","4262":" ","4263":" ","4264":" ","4265":" ","4266":" ","4267":" ","4268":":","4269":"t","4270":"i","4271":"m","4272":"e","4273":"o","4274":"u","4275":"t","4276":"=","4277":"\\","4278":"\"","4279":"2","4280":"0","4281":"0","4282":"0","4283":"\\","4284":"\"","4285":"\\","4286":"n","4287":" ","4288":" ","4289":" ","4290":" ","4291":" ","4292":" ","4293":"c","4294":"o","4295":"l","4296":"o","4297":"r","4298":"=","4299":"\\","4300":"\"","4301":"s","4302":"u","4303":"c","4304":"c","4305":"e","4306":"s","4307":"s","4308":"\\","4309":"\"","4310":"\\","4311":"n","4312":" ","4313":" ","4314":" ","4315":" ","4316":" ","4317":" ","4318":"v","4319":"a","4320":"r","4321":"i","4322":"a","4323":"n","4324":"t","4325":"=","4326":"\\","4327":"\"","4328":"o","4329":"u","4330":"t","4331":"l","4332":"i","4333":"n","4334":"e","4335":"d","4336":"\\","4337":"\"","4338":"\\","4339":"n","4340":" ","4341":" ","4342":" ","4343":" ","4344":" ","4345":" ","4346":"v","4347":"-","4348":"m","4349":"o","4350":"d","4351":"e","4352":"l","4353":"=","4354":"\\","4355":"\"","4356":"s","4357":"h","4358":"o","4359":"w","4360":"S","4361":"n","4362":"a","4363":"c","4364":"k","4365":"B","4366":"a","4367":"r","4368":"\\","4369":"\"","4370":"\\","4371":"n","4372":" ","4373":" ","4374":" ","4375":" ","4376":" ","4377":" ","4378":"c","4379":"l","4380":"a","4381":"s","4382":"s","4383":"=","4384":"\\","4385":"\"","4386":"s","4387":"n","4388":"a","4389":"c","4390":"k","4391":"b","4392":"a","4393":"r","4394":"\\","4395":"\"","4396":"\\","4397":"n","4398":" ","4399":" ","4400":" ","4401":" ","4402":" ","4403":" ","4404":"l","4405":"o","4406":"c","4407":"a","4408":"t","4409":"i","4410":"o","4411":"n","4412":"=","4413":"\\","4414":"\"","4415":"t","4416":"o","4417":"p","4418":" ","4419":"r","4420":"i","4421":"g","4422":"h","4423":"t","4424":"\\","4425":"\"","4426":"\\","4427":"n","4428":" ","4429":" ","4430":" ","4431":" ","4432":">","4433":"\\","4434":"n","4435":" ","4436":" ","4437":" ","4438":" ","4439":" ","4440":" ","4441":"{","4442":"{","4443":" ","4444":"a","4445":"l","4446":"e","4447":"r","4448":"t","4449":"M","4450":"e","4451":"s","4452":"s","4453":"a","4454":"g","4455":"e","4456":" ","4457":"}","4458":"}","4459":"\\","4460":"n","4461":" ","4462":" ","4463":" ","4464":" ","4465":"<","4466":"/","4467":"v","4468":"-","4469":"s","4470":"n","4471":"a","4472":"c","4473":"k","4474":"b","4475":"a","4476":"r","4477":">","4478":"\\","4479":"n","4480":" ","4481":" ","4482":"<","4483":"/","4484":"v","4485":"-","4486":"c","4487":"o","4488":"n","4489":"t","4490":"a","4491":"i","4492":"n","4493":"e","4494":"r","4495":">","4496":"\\","4497":"n","4498":"<","4499":"/","4500":"t","4501":"e","4502":"m","4503":"p","4504":"l","4505":"a","4506":"t","4507":"e","4508":">","4509":"\\","4510":"n","4511":"\\","4512":"n","4513":"<","4514":"s","4515":"c","4516":"r","4517":"i","4518":"p","4519":"t","4520":">","4521":"\\","4522":"n","4523":"i","4524":"m","4525":"p","4526":"o","4527":"r","4528":"t","4529":" ","4530":"{","4531":" ","4532":"m","4533":"a","4534":"p","4535":"A","4536":"c","4537":"t","4538":"i","4539":"o","4540":"n","4541":"s","4542":",","4543":" ","4544":"m","4545":"a","4546":"p","4547":"G","4548":"e","4549":"t","4550":"t","4551":"e","4552":"r","4553":"s","4554":" ","4555":"}","4556":" ","4557":"f","4558":"r","4559":"o","4560":"m","4561":" ","4562":"\\","4563":"\"","4564":"v","4565":"u","4566":"e","4567":"x","4568":"\\","4569":"\"","4570":";","4571":"\\","4572":"n","4573":"i","4574":"m","4575":"p","4576":"o","4577":"r","4578":"t","4579":" ","4580":"E","4581":"d","4582":"i","4583":"t","4584":"D","4585":"i","4586":"a","4587":"l","4588":"o","4589":"g","4590":"F","4591":"o","4592":"r","4593":"m","4594":" ","4595":"f","4596":"r","4597":"o","4598":"m","4599":" ","4600":"\\","4601":"\"","4602":"@","4603":"/","4604":"c","4605":"o","4606":"m","4607":"p","4608":"o","4609":"n","4610":"e","4611":"n","4612":"t","4613":"s","4614":"/","4615":"E","4616":"d","4617":"i","4618":"t","4619":"D","4620":"i","4621":"a","4622":"l","4623":"o","4624":"g","4625":"F","4626":"o","4627":"r","4628":"m","4629":".","4630":"v","4631":"u","4632":"e","4633":"\\","4634":"\"","4635":";","4636":"\\","4637":"n","4638":"i","4639":"m","4640":"p","4641":"o","4642":"r","4643":"t","4644":" ","4645":"{","4646":" ","4647":"B","4648":"o","4649":"o","4650":"k","4651":"S","4652":"t","4653":"a","4654":"t","4655":"u","4656":"s","4657":" ","4658":"}","4659":" ","4660":"f","4661":"r","4662":"o","4663":"m","4664":" ","4665":"\\","4666":"\"","4667":"@","4668":"/","4669":"i","4670":"n","4671":"t","4672":"e","4673":"r","4674":"f","4675":"a","4676":"c","4677":"e","4678":"s","4679":"/","4680":"b","4681":"o","4682":"o","4683":"k","4684":"s","4685":"\\","4686":"\"","4687":";","4688":"\\","4689":"n","4690":"i","4691":"m","4692":"p","4693":"o","4694":"r","4695":"t","4696":" ","4697":"D","4698":"e","4699":"l","4700":"e","4701":"t","4702":"e","4703":"C","4704":"o","4705":"n","4706":"f","4707":"i","4708":"r","4709":"m","4710":" ","4711":"f","4712":"r","4713":"o","4714":"m","4715":" ","4716":"\\","4717":"\"","4718":"@","4719":"/","4720":"c","4721":"o","4722":"m","4723":"p","4724":"o","4725":"n","4726":"e","4727":"n","4728":"t","4729":"s","4730":"/","4731":"D","4732":"e","4733":"l","4734":"e","4735":"t","4736":"e","4737":"C","4738":"o","4739":"n","4740":"f","4741":"i","4742":"r","4743":"m","4744":".","4745":"v","4746":"u","4747":"e","4748":"\\","4749":"\"","4750":";","4751":"\\","4752":"n","4753":"\\","4754":"n","4755":"e","4756":"x","4757":"p","4758":"o","4759":"r","4760":"t","4761":" ","4762":"d","4763":"e","4764":"f","4765":"a","4766":"u","4767":"l","4768":"t","4769":" ","4770":"{","4771":"\\","4772":"n","4773":" ","4774":" ","4775":"n","4776":"a","4777":"m","4778":"e","4779":":","4780":" ","4781":"\\","4782":"\"","4783":"B","4784":"o","4785":"o","4786":"k","4787":"s","4788":"L","4789":"i","4790":"s","4791":"t","4792":"\\","4793":"\"","4794":",","4795":"\\","4796":"n","4797":" ","4798":" ","4799":"c","4800":"o","4801":"m","4802":"p","4803":"o","4804":"n","4805":"e","4806":"n","4807":"t","4808":"s","4809":":","4810":" ","4811":"{","4812":" ","4813":"D","4814":"e","4815":"l","4816":"e","4817":"t","4818":"e","4819":"C","4820":"o","4821":"n","4822":"f","4823":"i","4824":"r","4825":"m","4826":",","4827":" ","4828":"E","4829":"d","4830":"i","4831":"t","4832":"D","4833":"i","4834":"a","4835":"l","4836":"o","4837":"g","4838":"F","4839":"o","4840":"r","4841":"m","4842":" ","4843":"}","4844":",","4845":"\\","4846":"n","4847":" ","4848":" ","4849":"d","4850":"a","4851":"t","4852":"a","4853":"(","4854":")","4855":" ","4856":"{","4857":"\\","4858":"n","4859":" ","4860":" ","4861":" ","4862":" ","4863":"r","4864":"e","4865":"t","4866":"u","4867":"r","4868":"n","4869":" ","4870":"{","4871":"\\","4872":"n","4873":" ","4874":" ","4875":" ","4876":" ","4877":" ","4878":" ","4879":"i","4880":"s","4881":"O","4882":"p","4883":"e","4884":"n","4885":":","4886":" ","4887":"f","4888":"a","4889":"l","4890":"s","4891":"e","4892":",","4893":" ","4894":"/","4895":"/","4896":" ","4897":"c","4898":"o","4899":"n","4900":"t","4901":"r","4902":"o","4903":"l","4904":"s","4905":" ","4906":"i","4907":"f","4908":" ","4909":"t","4910":"h","4911":"e","4912":" ","4913":"e","4914":"d","4915":"i","4916":"t","4917":" ","4918":"d","4919":"i","4920":"a","4921":"l","4922":"o","4923":"g","4924":" ","4925":"i","4926":"s","4927":" ","4928":"o","4929":"p","4930":"e","4931":"n","4932":"\\","4933":"n","4934":" ","4935":" ","4936":" ","4937":" ","4938":" ","4939":" ","4940":"s","4941":"e","4942":"l","4943":"e","4944":"c","4945":"t","4946":"e","4947":"d","4948":"B","4949":"o","4950":"o","4951":"k","4952":":","4953":" ","4954":"u","4955":"n","4956":"d","4957":"e","4958":"f","4959":"i","4960":"n","4961":"e","4962":"d","4963":",","4964":" ","4965":"/","4966":"/","4967":" ","4968":"t","4969":"h","4970":"e","4971":" ","4972":"c","4973":"u","4974":"r","4975":"r","4976":"e","4977":"n","4978":"t","4979":"l","4980":"y","4981":" ","4982":"s","4983":"e","4984":"l","4985":"e","4986":"c","4987":"t","4988":"e","4989":"d","4990":" ","4991":"b","4992":"o","4993":"o","4994":"k","4995":"\\","4996":"n","4997":" ","4998":" ","4999":" ","5000":" ","5001":" ","5002":" ","5003":"s","5004":"h","5005":"o","5006":"w","5007":"S","5008":"n","5009":"a","5010":"c","5011":"k","5012":"B","5013":"a","5014":"r","5015":":","5016":" ","5017":"f","5018":"a","5019":"l","5020":"s","5021":"e","5022":",","5023":" ","5024":"/","5025":"/","5026":" ","5027":"c","5028":"o","5029":"n","5030":"t","5031":"r","5032":"o","5033":"l","5034":"s","5035":" ","5036":"i","5037":"f","5038":" ","5039":"t","5040":"h","5041":"e","5042":" ","5043":"s","5044":"n","5045":"a","5046":"c","5047":"k","5048":"b","5049":"a","5050":"r","5051":" ","5052":"i","5053":"s","5054":" ","5055":"v","5056":"i","5057":"s","5058":"i","5059":"b","5060":"l","5061":"e","5062":"\\","5063":"n","5064":" ","5065":" ","5066":" ","5067":" ","5068":" ","5069":" ","5070":"a","5071":"l","5072":"e","5073":"r","5074":"t","5075":"M","5076":"e","5077":"s","5078":"s","5079":"a","5080":"g","5081":"e","5082":":","5083":" ","5084":"\\","5085":"\"","5086":"\\","5087":"\"","5088":",","5089":" ","5090":"/","5091":"/","5092":" ","5093":"t","5094":"h","5095":"e","5096":" ","5097":"m","5098":"e","5099":"s","5100":"s","5101":"a","5102":"g","5103":"e","5104":" ","5105":"t","5106":"o","5107":" ","5108":"s","5109":"h","5110":"o","5111":"w","5112":" ","5113":"i","5114":"n","5115":" ","5116":"t","5117":"h","5118":"e","5119":" ","5120":"s","5121":"n","5122":"a","5123":"c","5124":"k","5125":"b","5126":"a","5127":"r","5128":"\\","5129":"n","5130":" ","5131":" ","5132":" ","5133":" ","5134":" ","5135":" ","5136":"d","5137":"e","5138":"l","5139":"e","5140":"t","5141":"e","5142":"O","5143":"p","5144":"e","5145":"n","5146":":","5147":" ","5148":"f","5149":"a","5150":"l","5151":"s","5152":"e","5153":",","5154":" ","5155":"/","5156":"/","5157":" ","5158":"c","5159":"o","5160":"n","5161":"t","5162":"r","5163":"o","5164":"l","5165":"s","5166":" ","5167":"i","5168":"f","5169":" ","5170":"t","5171":"h","5172":"e","5173":" ","5174":"d","5175":"e","5176":"l","5177":"e","5178":"t","5179":"e","5180":" ","5181":"c","5182":"o","5183":"n","5184":"f","5185":"i","5186":"r","5187":"m","5188":"a","5189":"t","5190":"i","5191":"o","5192":"n","5193":" ","5194":"d","5195":"i","5196":"a","5197":"l","5198":"o","5199":"g","5200":" ","5201":"i","5202":"s","5203":" ","5204":"o","5205":"p","5206":"e","5207":"n","5208":"\\","5209":"n","5210":" ","5211":" ","5212":" ","5213":" ","5214":"}","5215":";","5216":"\\","5217":"n","5218":" ","5219":" ","5220":"}","5221":",","5222":"\\","5223":"n","5224":" ","5225":" ","5226":"c","5227":"o","5228":"m","5229":"p","5230":"u","5231":"t","5232":"e","5233":"d","5234":":","5235":" ","5236":"{","5237":"\\","5238":"n","5239":" ","5240":" ","5241":" ","5242":" ","5243":".","5244":".","5245":".","5246":"m","5247":"a","5248":"p","5249":"G","5250":"e","5251":"t","5252":"t","5253":"e","5254":"r","5255":"s","5256":"(","5257":"{","5258":"\\","5259":"n","5260":" ","5261":" ","5262":" ","5263":" ","5264":" ","5265":" ","5266":"b","5267":"o","5268":"o","5269":"k","5270":"s","5271":":","5272":" ","5273":"\\","5274":"\"","5275":"b","5276":"o","5277":"o","5278":"k","5279":"s","5280":"/","5281":"g","5282":"e","5283":"t","5284":"A","5285":"l","5286":"l","5287":"B","5288":"o","5289":"o","5290":"k","5291":"s","5292":"\\","5293":"\"","5294":",","5295":" ","5296":"/","5297":"/","5298":" ","5299":"g","5300":"e","5301":"t","5302":"t","5303":"e","5304":"r","5305":" ","5306":"t","5307":"o","5308":" ","5309":"r","5310":"e","5311":"t","5312":"r","5313":"i","5314":"e","5315":"v","5316":"e","5317":" ","5318":"a","5319":"l","5320":"l","5321":" ","5322":"b","5323":"o","5324":"o","5325":"k","5326":"s","5327":"\\","5328":"n","5329":" ","5330":" ","5331":" ","5332":" ","5333":"}","5334":")","5335":",","5336":"\\","5337":"n","5338":" ","5339":" ","5340":"}","5341":",","5342":"\\","5343":"n","5344":" ","5345":" ","5346":"m","5347":"e","5348":"t","5349":"h","5350":"o","5351":"d","5352":"s","5353":":","5354":" ","5355":"{","5356":"\\","5357":"n","5358":" ","5359":" ","5360":" ","5361":" ","5362":".","5363":".","5364":".","5365":"m","5366":"a","5367":"p","5368":"A","5369":"c","5370":"t","5371":"i","5372":"o","5373":"n","5374":"s","5375":"(","5376":"{","5377":"\\","5378":"n","5379":" ","5380":" ","5381":" ","5382":" ","5383":" ","5384":" ","5385":"c","5386":"r","5387":"e","5388":"a","5389":"t","5390":"e","5391":"B","5392":"o","5393":"o","5394":"k","5395":":","5396":" ","5397":"\\","5398":"\"","5399":"b","5400":"o","5401":"o","5402":"k","5403":"s","5404":"/","5405":"c","5406":"r","5407":"e","5408":"a","5409":"t","5410":"e","5411":"B","5412":"o","5413":"o","5414":"k","5415":"\\","5416":"\"","5417":",","5418":" ","5419":"/","5420":"/","5421":" ","5422":"a","5423":"c","5424":"t","5425":"i","5426":"o","5427":"n","5428":" ","5429":"t","5430":"o","5431":" ","5432":"c","5433":"r","5434":"e","5435":"a","5436":"t","5437":"e","5438":" ","5439":"a","5440":" ","5441":"b","5442":"o","5443":"o","5444":"k","5445":"\\","5446":"n","5447":" ","5448":" ","5449":" ","5450":" ","5451":" ","5452":" ","5453":"u","5454":"p","5455":"d","5456":"a","5457":"t","5458":"e","5459":"B","5460":"o","5461":"o","5462":"k","5463":":","5464":" ","5465":"\\","5466":"\"","5467":"b","5468":"o","5469":"o","5470":"k","5471":"s","5472":"/","5473":"u","5474":"p","5475":"d","5476":"a","5477":"t","5478":"e","5479":"B","5480":"o","5481":"o","5482":"k","5483":"\\","5484":"\"","5485":",","5486":" ","5487":"/","5488":"/","5489":" ","5490":"a","5491":"c","5492":"t","5493":"i","5494":"o","5495":"n","5496":" ","5497":"t","5498":"o","5499":" ","5500":"u","5501":"p","5502":"d","5503":"a","5504":"t","5505":"e","5506":" ","5507":"a","5508":" ","5509":"b","5510":"o","5511":"o","5512":"k","5513":"\\","5514":"n","5515":" ","5516":" ","5517":" ","5518":" ","5519":" ","5520":" ","5521":"r","5522":"e","5523":"m","5524":"o","5525":"v","5526":"e","5527":"B","5528":"o","5529":"o","5530":"k","5531":":","5532":" ","5533":"\\","5534":"\"","5535":"b","5536":"o","5537":"o","5538":"k","5539":"s","5540":"/","5541":"r","5542":"e","5543":"m","5544":"o","5545":"v","5546":"e","5547":"B","5548":"o","5549":"o","5550":"k","5551":"\\","5552":"\"","5553":",","5554":" ","5555":"/","5556":"/","5557":" ","5558":"a","5559":"c","5560":"t","5561":"i","5562":"o","5563":"n","5564":" ","5565":"t","5566":"o","5567":" ","5568":"r","5569":"e","5570":"m","5571":"o","5572":"v","5573":"e","5574":" ","5575":"a","5576":" ","5577":"b","5578":"o","5579":"o","5580":"k","5581":"\\","5582":"n","5583":" ","5584":" ","5585":" ","5586":" ","5587":"}","5588":")","5589":",","5590":"\\","5591":"n","5592":" ","5593":" ","5594":" ","5595":" ","5596":"/","5597":"/","5598":" ","5599":"m","5600":"e","5601":"t","5602":"h","5603":"o","5604":"d","5605":"s","5606":" ","5607":"t","5608":"o","5609":" ","5610":"h","5611":"a","5612":"n","5613":"d","5614":"l","5615":"e","5616":" ","5617":"c","5618":"r","5619":"e","5620":"a","5621":"t","5622":"e","5623":",","5624":" ","5625":"u","5626":"p","5627":"d","5628":"a","5629":"t","5630":"e","5631":" ","5632":"a","5633":"n","5634":"d","5635":" ","5636":"d","5637":"e","5638":"l","5639":"e","5640":"t","5641":"e","5642":" ","5643":"a","5644":"c","5645":"t","5646":"i","5647":"o","5648":"n","5649":"s","5650":"\\","5651":"n","5652":" ","5653":" ","5654":" ","5655":" ","5656":"o","5657":"n","5658":"C","5659":"r","5660":"e","5661":"a","5662":"t","5663":"e","5664":"(","5665":"b","5666":"o","5667":"o","5668":"k","5669":")","5670":" ","5671":"{","5672":"\\","5673":"n","5674":" ","5675":" ","5676":" ","5677":" ","5678":" ","5679":" ","5680":"t","5681":"h","5682":"i","5683":"s","5684":".","5685":"c","5686":"r","5687":"e","5688":"a","5689":"t","5690":"e","5691":"B","5692":"o","5693":"o","5694":"k","5695":"(","5696":"b","5697":"o","5698":"o","5699":"k","5700":")","5701":";","5702":"\\","5703":"n","5704":" ","5705":" ","5706":" ","5707":" ","5708":" ","5709":" ","5710":"t","5711":"h","5712":"i","5713":"s","5714":".","5715":"s","5716":"h","5717":"o","5718":"w","5719":"S","5720":"n","5721":"a","5722":"c","5723":"k","5724":"B","5725":"a","5726":"r","5727":" ","5728":"=","5729":" ","5730":"t","5731":"r","5732":"u","5733":"e","5734":";","5735":"\\","5736":"n","5737":" ","5738":" ","5739":" ","5740":" ","5741":" ","5742":" ","5743":"t","5744":"h","5745":"i","5746":"s","5747":".","5748":"a","5749":"l","5750":"e","5751":"r","5752":"t","5753":"M","5754":"e","5755":"s","5756":"s","5757":"a","5758":"g","5759":"e","5760":" ","5761":"=","5762":" ","5763":"\\","5764":"\"","5765":"B","5766":"o","5767":"o","5768":"k","5769":" ","5770":"i","5771":"s","5772":" ","5773":"c","5774":"r","5775":"e","5776":"a","5777":"t","5778":"e","5779":"d","5780":" ","5781":"s","5782":"u","5783":"c","5784":"c","5785":"e","5786":"s","5787":"s","5788":"f","5789":"u","5790":"l","5791":"l","5792":"y","5793":"\\","5794":"\"","5795":";","5796":"\\","5797":"n","5798":" ","5799":" ","5800":" ","5801":" ","5802":"}","5803":",","5804":"\\","5805":"n","5806":" ","5807":" ","5808":" ","5809":" ","5810":"o","5811":"n","5812":"U","5813":"p","5814":"d","5815":"a","5816":"t","5817":"e","5818":"(","5819":"b","5820":"o","5821":"o","5822":"k","5823":")","5824":" ","5825":"{","5826":"\\","5827":"n","5828":" ","5829":" ","5830":" ","5831":" ","5832":" ","5833":" ","5834":"t","5835":"h","5836":"i","5837":"s","5838":".","5839":"u","5840":"p","5841":"d","5842":"a","5843":"t","5844":"e","5845":"B","5846":"o","5847":"o","5848":"k","5849":"(","5850":"b","5851":"o","5852":"o","5853":"k","5854":")","5855":";","5856":"\\","5857":"n","5858":" ","5859":" ","5860":" ","5861":" ","5862":" ","5863":" ","5864":"t","5865":"h","5866":"i","5867":"s","5868":".","5869":"s","5870":"h","5871":"o","5872":"w","5873":"S","5874":"n","5875":"a","5876":"c","5877":"k","5878":"B","5879":"a","5880":"r","5881":" ","5882":"=","5883":" ","5884":"t","5885":"r","5886":"u","5887":"e","5888":";","5889":"\\","5890":"n","5891":" ","5892":" ","5893":" ","5894":" ","5895":" ","5896":" ","5897":"t","5898":"h","5899":"i","5900":"s","5901":".","5902":"a","5903":"l","5904":"e","5905":"r","5906":"t","5907":"M","5908":"e","5909":"s","5910":"s","5911":"a","5912":"g","5913":"e","5914":" ","5915":"=","5916":" ","5917":"\\","5918":"\"","5919":"B","5920":"o","5921":"o","5922":"k","5923":" ","5924":"i","5925":"s","5926":" ","5927":"u","5928":"p","5929":"d","5930":"a","5931":"t","5932":"e","5933":"d","5934":" ","5935":"s","5936":"u","5937":"c","5938":"c","5939":"e","5940":"s","5941":"s","5942":"f","5943":"u","5944":"l","5945":"l","5946":"y","5947":"\\","5948":"\"","5949":";","5950":"\\","5951":"n","5952":" ","5953":" ","5954":" ","5955":" ","5956":"}","5957":",","5958":"\\","5959":"n","5960":" ","5961":" ","5962":" ","5963":" ","5964":"o","5965":"n","5966":"D","5967":"e","5968":"l","5969":"e","5970":"t","5971":"e","5972":"(","5973":")","5974":" ","5975":"{","5976":"\\","5977":"n","5978":" ","5979":" ","5980":" ","5981":" ","5982":" ","5983":" ","5984":"t","5985":"h","5986":"i","5987":"s","5988":".","5989":"r","5990":"e","5991":"m","5992":"o","5993":"v","5994":"e","5995":"B","5996":"o","5997":"o","5998":"k","5999":"(","6000":"t","6001":"h","6002":"i","6003":"s","6004":".","6005":"s","6006":"e","6007":"l","6008":"e","6009":"c","6010":"t","6011":"e","6012":"d","6013":"B","6014":"o","6015":"o","6016":"k","6017":")","6018":";","6019":"\\","6020":"n","6021":" ","6022":" ","6023":" ","6024":" ","6025":" ","6026":" ","6027":"t","6028":"h","6029":"i","6030":"s","6031":".","6032":"s","6033":"h","6034":"o","6035":"w","6036":"S","6037":"n","6038":"a","6039":"c","6040":"k","6041":"B","6042":"a","6043":"r","6044":" ","6045":"=","6046":" ","6047":"t","6048":"r","6049":"u","6050":"e","6051":";","6052":"\\","6053":"n","6054":" ","6055":" ","6056":" ","6057":" ","6058":" ","6059":" ","6060":"t","6061":"h","6062":"i","6063":"s","6064":".","6065":"a","6066":"l","6067":"e","6068":"r","6069":"t","6070":"M","6071":"e","6072":"s","6073":"s","6074":"a","6075":"g","6076":"e","6077":" ","6078":"=","6079":" ","6080":"\\","6081":"\"","6082":"B","6083":"o","6084":"o","6085":"k","6086":" ","6087":"i","6088":"s","6089":" ","6090":"d","6091":"e","6092":"l","6093":"e","6094":"t","6095":"e","6096":"d","6097":" ","6098":"s","6099":"u","6100":"c","6101":"c","6102":"e","6103":"s","6104":"s","6105":"f","6106":"u","6107":"l","6108":"l","6109":"y","6110":"\\","6111":"\"","6112":";","6113":"\\","6114":"n","6115":" ","6116":" ","6117":" ","6118":" ","6119":" ","6120":" ","6121":"t","6122":"h","6123":"i","6124":"s","6125":".","6126":"s","6127":"e","6128":"l","6129":"e","6130":"c","6131":"t","6132":"e","6133":"d","6134":"B","6135":"o","6136":"o","6137":"k","6138":" ","6139":"=","6140":" ","6141":"u","6142":"n","6143":"d","6144":"e","6145":"f","6146":"i","6147":"n","6148":"e","6149":"d","6150":";",
[...]
,"2046":" ","2047":" ","2048":" ","2049":" ","2050":" ","2051":" ","2052":" ","2053":"<","2054":"/","2055":"d","2056":"i","2057":"v","2058":">","2059":"\\","2060":"n","2061":" ","2062":" ","2063":" ","2064":" ","2065":" ","2066":" ","2067":"<","2068":"/","2069":"v","2070":"-","2071":"f","2072":"o","2073":"r","2074":"m","2075":">","2076":"\\","2077":"n","2078":" ","2079":" ","2080":" ","2081":" ","2082":"<","2083":"/","2084":"d","2085":"i","2086":"v","2087":">","2088":"\\","2089":"n","2090":" ","2091":" ","2092":"<","2093":"/","2094":"v","2095":"-","2096":"c","2097":"a","2098":"r","2099":"d","2100":">","2101":"\\","2102":"n","2103":"<","2104":"/","2105":"t","2106":"e","2107":"m","2108":"p","2109":"l","2110":"a","2111":"t","2112":"e","2113":">","2114":"\\","2115":"n","2116":"<","2117":"s","2118":"c","2119":"r","2120":"i","2121":"p","2122":"t","2123":" ","2124":"s","2125":"e","2126":"t","2127":"u","2128":"p","2129":">","2130":"\\","2131":"n","2132":"i","2133":"m","2134":"p","2135":"o","2136":"r","2137":"t","2138":" ","2139":"{","2140":" ","2141":"u","2142":"s","2143":"e","2144":"F","2145":"i","2146":"e","2147":"l","2148":"d","2149":",","2150":" ","2151":"u","2152":"s","2153":"e","2154":"F","2155":"o","2156":"r","2157":"m","2158":" ","2159":"}","2160":" ","2161":"f","2162":"r","2163":"o","2164":"m","2165":" ","2166":"\\","2167":"\"","2168":"v","2169":"e","2170":"e","2171":"-","2172":"v","2173":"a","2174":"l","2175":"i","2176":"d","2177":"a","2178":"t","2179":"e","2180":"\\","2181":"\"","2182":";","2183":"\\","2184":"n","2185":"i","2186":"m","2187":"p","2188":"o","2189":"r","2190":"t","2191":" ","2192":"{","2193":" ","2194":"o","2195":"n","2196":"M","2197":"o","2198":"u","2199":"n","2200":"t","2201":"e","2202":"d","2203":",","2204":" ","2205":"d","2206":"e","2207":"f","2208":"i","2209":"n","2210":"e","2211":"P","2212":"r","2213":"o","2214":"p","2215":"s","2216":",","2217":" ","2218":"d","2219":"e","2220":"f","2221":"i","2222":"n","2223":"e","2224":"E","2225":"m","2226":"i","2227":"t","2228":"s","2229":" ","2230":"}","2231":" ","2232":"f","2233":"r","2234":"o","2235":"m","2236":" ","2237":"\\","2238":"\"","2239":"v","2240":"u","2241":"e","2242":"\\","2243":"\"","2244":";","2245":"\\","2246":"n","2247":"/","2248":"/","2249":" ","2250":"D","2251":"e","2252":"f","2253":"i","2254":"n","2255":"e","2256":" ","2257":"p","2258":"r","2259":"o","2260":"p","2261":"s","2262":" ","2263":"a","2264":"n","2265":"d","2266":" ","2267":"e","2268":"m","2269":"i","2270":"t","2271":"s","2272":"\\","2273":"n","2274":"c","2275":"o","2276":"n","2277":"s","2278":"t","2279":" ","2280":"p","2281":"r","2282":"o","2283":"p","2284":"s","2285":" ","2286":"=","2287":" ","2288":"d","2289":"e","2290":"f","2291":"i","2292":"n","2293":"e","2294":"P","2295":"r","2296":"o","2297":"p","2298":"s","2299":"(","2300":"[","2301":"\\","2302":"\"","2303":"b","2304":"o","2305":"o","2306":"k","2307":"\\","2308":"\"","2309":"]","2310":")","2311":";","2312":"\\","2313":"n","2314":"c","2315":"o","2316":"n","2317":"s","2318":"t","2319":" ","2320":"e","2321":"m","2322":"i","2323":"t","2324":" ","2325":"=","2326":" ","2327":"d","2328":"e","2329":"f","2330":"i","2331":"n","2332":"e","2333":"E","2334":"m","2335":"i","2336":"t","2337":"s","2338":"(","2339":"[","2340":"\\","2341":"\"","2342":"u","2343":"p","2344":"d","2345":"a","2346":"t","2347":"e","2348":"\\","2349":"\"","2350":",","2351":" ","2352":"\\","2353":"\"","2354":"c","2355":"r","2356":"e","2357":"a","2358":"t","2359":"e","2360":"\\","2361":"\"","2362":",","2363":" ","2364":"\\","2365":"\"","2366":"c","2367":"l","2368":"o","2369":"s","2370":"e","2371":"\\","2372":"\"","2373":"]","2374":")","2375":";","2376":"\\","2377":"n","2378":"/","2379":"/","2380":" ","2381":"I","2382":"n","2383":"i","2384":"t","2385":"i","2386":"a","2387":"l","2388":"i","2389":"z","2390":"e","2391":" ","2392":"f","2393":"o","2394":"r","2395":"m","2396":" ","2397":"v","2398":"a","2399":"l","2400":"i","2401":"d","2402":"a","2403":"t","2404":"i","2405":"o","2406":"n","2407":"\\","2408":"n","2409":"c","2410":"o","2411":"n","2412":"s","2413":"t","2414":" ","2415":"{","2416":" ","2417":"h","2418":"a","2419":"n","2420":"d","2421":"l","2422":"e","2423":"S","2424":"u","2425":"b","2426":"m","2427":"i","2428":"t","2429":" ","2430":"}","2431":" ","2432":"=","2433":" ","2434":"u","2435":"s","2436":"e","2437":"F","2438":"o","2439":"r","2440":"m","2441":"(","2442":"{","2443":"\\","2444":"n","2445":" ","2446":" ","2447":"v","2448":"a","2449":"l","2450":"i","2451":"d","2452":"a","2453":"t","2454":"i","2455":"o","2456":"n","2457":"S","2458":"c","2459":"h","2460":"e","2461":"m","2462":"a","2463":":","2464":" ","2465":"{","2466":"\\","2467":"n","2468":" ","2469":" ","2470":" ","2471":" ","2472":"t","2473":"i","2474":"t","2475":"l","2476":"e","2477":"(","2478":"v","2479":"a","2480":"l","2481":"u","2482":"e","2483":")","2484":" ","2485":"{","2486":"\\","2487":"n","2488":" ","2489":" ","2490":" ","2491":" ","2492":" ","2493":" ","2494":"i","2495":"f","2496":" ","2497":"(","2498":"v","2499":"a","2500":"l","2501":"u","2502":"e","2503":")","2504":" ","2505":"r","2506":"e","2507":"t","2508":"u","2509":"r","2510":"n","2511":" ","2512":"t","2513":"r","2514":"u","2515":"e","2516":";","2517":"\\","2518":"n","2519":" ","2520":" ","2521":" ","2522":" ","2523":" ","2524":" ","2525":"r","2526":"e","2527":"t","2528":"u","2529":"r","2530":"n","2531":" ","2532":"\\","2533":"\"","2534":"T","2535":"i","2536":"t","2537":"l","2538":"e","2539":" ","2540":"i","2541":"s","2542":" ","2543":"r","2544":"e","2545":"q","2546":"u","2547":"i","2548":"r","2549":"e","2550":"d","2551":".","2552":"\\","2553":"\"","2554":";","2555":"\\","2556":"n","2557":" ","2558":" ","2559":" ","2560":" ","2561":"}","2562":",","2563":"\\","2564":"n","2565":" ","2566":" ","2567":" ","2568":" ","2569":"s","2570":"t","2571":"a","2572":"t","2573":"u","2574":"s","2575":"(","2576":"v","2577":"a","2578":"l","2579":"u","2580":"e","2581":")","2582":" ","2583":"{","2584":"\\","2585":"n","2586":" ","2587":" ","2588":" ","2589":" ","2590":" ","2591":" ","2592":"i","2593":"f","2594":" ","2595":"(","2596":"v","2597":"a","2598":"l","2599":"u","2600":"e","2601":")","2602":" ","2603":"r","2604":"e","2605":"t","2606":"u","2607":"r","2608":"n","2609":" ","2610":"t","2611":"r","2612":"u","2613":"e","2614":";","2615":"\\","2616":"n","2617":" ","2618":" ","2619":" ","2620":" ","2621":" ","2622":" ","2623":"r","2624":"e","2625":"t","2626":"u","2627":"r","2628":"n","2629":" ","2630":"\\","2631":"\"","2632":"S","2633":"t","2634":"a","2635":"t","2636":"u","2637":"s","2638":" ","2639":"i","2640":"s","2641":" ","2642":"r","2643":"e","2644":"q","2645":"u","2646":"i","2647":"r","2648":"e","2649":"d","2650":".","2651":"\\","2652":"\"","2653":";","2654":"\\","2655":"n","2656":" ","2657":" ","2658":" ","2659":" ","2660":"}","2661":",","2662":"\\","2663":"n","2664":" ","2665":" ","2666":"}","2667":",","2668":"\\","2669":"n","2670":"}","2671":")","2672":";","2673":"\\","2674":"n","2675":"/","2676":"/","2677":" ","2678":"I","2679":"n","2680":"i","2681":"t","2682":"i","2683":"a","2684":"l","2685":"i","2686":"z","2687":"e","2688":" ","2689":"f","2690":"o","2691":"r","2692":"m","2693":" ","2694":"f","2695":"i","2696":"e","2697":"l","2698":"d","2699":"s","2700":"\\","2701":"n","2702":"c","2703":"o","2704":"n","2705":"s","2706":"t","2707":" ","2708":"t","2709":"i","2710":"t","2711":"l","2712":"e","2713":" ","2714":"=","2715":" ","2716":"u","2717":"s","2718":"e","2719":"F","2720":"i","2721":"e","2722":"l","2723":"d","2724":"(","2725":"\\","2726":"\"","2727":"t","2728":"i","2729":"t","2730":"l","2731":"e","2732":"\\","2733":"\"","2734":")","2735":";","2736":"\\","2737":"n","2738":"c","2739":"o","2740":"n","2741":"s","2742":"t","2743":" ","2744":"s","2745":"t","2746":"a","2747":"t","2748":"u","2749":"s","2750":" ","2751":"=","2752":" ","2753":"u","2754":"s","2755":"e","2756":"F","2757":"i","2758":"e","2759":"l","2760":"d","2761":"(","2762":"\\","2763":"\"","2764":"s","2765":"t","2766":"a","2767":"t","2768":"u","2769":"s","2770":"\\","2771":"\"","2772":")","2773":";","2774":"\\","2775":"n","2776":"/","2777":"/","2778":" ","2779":"P","2780":"o","2781":"p","2782":"u","2783":"l","2784":"a","2785":"t","2786":"e","2787":" ","2788":"f","2789":"o","2790":"r","2791":"m","2792":" ","2793":"f","2794":"i","2795":"e","2796":"l","2797":"d","2798":"s","2799":" ","2800":"w","2801":"i","2802":"t","2803":"h","2804":" ","2805":"b","2806":"o","2807":"o","2808":"k","2809":" ","2810":"d","2811":"a","2812":"t","2813":"a","2814":" ","2815":"o","2816":"n","2817":" ","2818":"m","2819":"o","2820":"u","2821":"n","2822":"t","2823":"e","2824":"d","2825":"\\","2826":"n","2827":"o","2828":"n","2829":"M","2830":"o","2831":"u","2832":"n","2833":"t","2834":"e","2835":"d","2836":"(","2837":"(","2838":")","2839":" ","2840":"=","2841":">","2842":" ","2843":"{","2844":"\\","2845":"n","2846":" ","2847":" ","2848":"i","2849":"f","2850":" ","2851":"(","2852":"p","2853":"r","2854":"o","2855":"p","2856":"s","2857":".","2858":"b","2859":"o","2860":"o","2861":"k","2862":")","2863":" ","2864":"{","2865":"\\","2866":"n","2867":" ","2868":" ","2869":" ","2870":" ","2871":"t","2872":"i","2873":"t","2874":"l","2875":"e","2876":".","2877":"v","2878":"a","2879":"l","2880":"u","2881":"e","2882":".","2883":"v","2884":"a","2885":"l","2886":"u","2887":"e","2888":" ","2889":"=","2890":" ","2891":"p","2892":"r","2893":"o","2894":"p","2895":"s","2896":".","2897":"b","2898":"o","2899":"o","2900":"k","2901":".","2902":"t","2903":"i","2904":"t","2905":"l","2906":"e","2907":";","2908":"\\","2909":"n","2910":" ","2911":" ","2912":" ","2913":" ","2914":"s","2915":"t","2916":"a","2917":"t","2918":"u","2919":"s","2920":".","2921":"v","2922":"a","2923":"l","2924":"u","2925":"e","2926":".","2927":"v","2928":"a","2929":"l","2930":"u","2931":"e","2932":" ","2933":"=","2934":" ","2935":"p","2936":"r","2937":"o","2938":"p","2939":"s","2940":".","2941":"b","2942":"o","2943":"o","2944":"k","2945":".","2946":"s","2947":"t","2948":"a","2949":"t","2950":"u","2951":"s","2952":";","2953":"\\","2954":"n","2955":" ","2956":" ","2957":"}","2958":"\\","2959":"n","2960":"}","2961":")","2962":";","2963":"\\","2964":"n","2965":"/","2966":"/","2967":" ","2968":"H","2969":"a","2970":"n","2971":"d","2972":"l","2973":"e","2974":" ","2975":"f","2976":"o","2977":"r","2978":"m","2979":" ","2980":"s","2981":"u","2982":"b","2983":"m","2984":"i","2985":"s","2986":"s","2987":"i","2988":"o","2989":"n","2990":"\\","2991":"n","2992":"c","2993":"o","2994":"n","2995":"s","2996":"t","2997":" ","2998":"s","2999":"u","3000":"b","3001":"m","3002":"i","3003":"t","3004":" ","3005":"=","3006":" ","3007":"h","3008":"a","3009":"n","3010":"d","3011":"l","3012":"e","3013":"S","3014":"u","3015":"b","3016":"m","3017":"i","3018":"t","3019":"(","3020":"(","3021":"v","3022":"a","3023":"l","3024":"u","3025":"e","3026":"s","3027":")","3028":" ","3029":"=","3030":">","3031":" ","3032":"{","3033":"\\","3034":"n","3035":" ","3036":" ","3037":"i","3038":"f","3039":" ","3040":"(","3041":"p","3042":"r","3043":"o","3044":"p","3045":"s","3046":".","3047":"b","3048":"o","3049":"o","3050":"k","3051":")","3052":" ","3053":"{","3054":"\\","3055":"n","3056":" ","3057":" ","3058":" ","3059":" ","3060":"e","3061":"m","3062":"i","3063":"t","3064":"(","3065":"\\","3066":"\"","3067":"u","3068":"p","3069":"d","3070":"a","3071":"t","3072":"e","3073":"\\","3074":"\"","3075":",","3076":" ","3077":"{","3078":" ","3079":".","3080":".","3081":".","3082":"p","3083":"r","3084":"o","3085":"p","3086":"s","3087":".","3088":"b","3089":"o","3090":"o","3091":"k","3092":",","3093":" ","3094":".","3095":".","3096":".","3097":"v","3098":"a","3099":"l","3100":"u","3101":"e","3102":"s","3103":" ","3104":"}","3105":")","3106":";","3107":"\\","3108":"n","3109":" ","3110":" ","3111":"}","3112":" ","3113":"e","3114":"l","3115":"s","3116":"e","3117":" ","3118":"{","3119":"\\","3120":"n","3121":" ","3122":" ","3123":" ","3124":" ","3125":"e","3126":"m","3127":"i","3128":"t","3129":"(","3130":"\\","3131":"\"","3132":"c","3133":"r","3134":"e","3135":"a","3136":"t","3137":"e","3138":"\\","3139":"\"","3140":",","3141":" ","3142":"v","3143":"a","3144":"l","3145":"u","3146":"e","3147":"s","3148":")","3149":";","3150":"\\","3151":"n","3152":" ","3153":" ","3154":"}","3155":"\\","3156":"n","3157":" ","3158":" ","3159":"e","3160":"m","3161":"i","3162":"t","3163":"(","3164":"\\","3165":"\"","3166":"c","3167":"l","3168":"o","3169":"s","3170":"e","3171":"\\","3172":"\"","3173":")","3174":";","3175":"\\","3176":"n","3177":"}","3178":")","3179":";","3180":"\\","3181":"n","3182":"<","3183":"/","3184":"s","3185":"c","3186":"r","3187":"i","3188":"p","3189":"t","3190":">","3191":"\\","3192":"n","3193":"<","3194":"s","3195":"t","3196":"y","3197":"l","3198":"e","3199":" ","3200":"s","3201":"c","3202":"o","3203":"p","3204":"e","3205":"d","3206":">","3207":"\\","3208":"n","3209":".","3210":"b","3211":"o","3212":"o","3213":"k","3214":"-","3215":"e","3216":"d","3217":"i","3218":"t","3219":"-","3220":"f","3221":"o","3222":"r","3223":"m","3224":" ","3225":"{","3226":"\\","3227":"n","3228":" ","3229":" ","3230":"p","3231":"a","3232":"d","3233":"d","3234":"i","3235":"n","3236":"g","3237":":","3238":" ","3239":"3","3240":"2","3241":"p","3242":"x","3243":" ","3244":"2","3245":"4","3246":"p","3247":"x","3248":";","3249":"\\","3250":"n","3251":" ","3252":" ","3253":".","3254":"c","3255":"l","3256":"o","3257":"s","3258":"e","3259":"-","3260":"b","3261":"u","3262":"t","3263":"t","3264":"o","3265":"n","3266":" ","3267":"{","3268":"\\","3269":"n","3270":" ","3271":" ","3272":" ","3273":" ","3274":"p","3275":"o","3276":"s","3277":"i","3278":"t","3279":"i","3280":"o","3281":"n","3282":":","3283":" ","3284":"a","3285":"b","3286":"s","3287":"o","3288":"l","3289":"u","3290":"t","3291":"e","3292":";","3293":"\\","3294":"n","3295":" ","3296":" ","3297":" ","3298":" ","3299":"r","3300":"i","3301":"g","3302":"h","3303":"t","3304":":","3305":" ","3306":"3","3307":"2","3308":"p","3309":"x","3310":";","3311":"\\","3312":"n","3313":" ","3314":" ","3315":" ","3316":" ","3317":"t","3318":"o","3319":"p","3320":":","3321":" ","3322":"3","3323":"2","3324":"p","3325":"x","3326":";","3327":"\\","3328":"n","3329":" ","3330":" ","3331":" ","3332":" ","3333":"w","3334":"i","3335":"d","3336":"t","3337":"h","3338":":","3339":" ","3340":"4","3341":"0","3342":"p","3343":"x","3344":";","3345":"\\","3346":"n","3347":" ","3348":" ","3349":" ","3350":" ","3351":"h","3352":"e","3353":"i","3354":"g","3355":"h","3356":"t","3357":":","3358":" ","3359":"4","3360":"0","3361":"p","3362":"x","3363":";","3364":"\\","3365":"n","3366":" ","3367":" ","3368":"}","3369":"\\","3370":"n","3371":"}","3372":"\\","3373":"n","3374":"<","3375":"/","3376":"s","3377":"t","3378":"y","3379":"l","3380":"e","3381":">","3382":"\\","3383":"n","3384":"\"","3385":"]","3386":"}"},"_coverageSchema":"1a1c01bbd47fc00a2c39e90264f33305004495a9","hash":"6dabeb9b18c148ee2d42ff016df29a58a5977832"}
,"E:\\pixel\\book-management\\src\\interfaces\\books.ts": {"path":"E:\\pixel\\book-management\\src\\interfaces\\books.ts","statementMap":{"0":{"start":{"line":1,"column":0},"end":{"line":1,"column":null}},"1":{"start":{"line":2,"column":2},"end":{"line":2,"column":null}},"2":{"start":{"line":3,"column":2},"end":{"line":3,"column":null}},"3":{"start":{"line":4,"column":2},"end":{"line":4,"column":null}}},"fnMap":{"0":{"name":"(anonymous_0)","decl":{"start":{"line":1,"column":0},"end":{"line":1,"column":12}},"loc":{"start":{"line":1,"column":22},"end":{"line":5,"column":1}}}},"branchMap":{"0":{"loc":{"start":{"line":1,"column":12},"end":{"line":1,"column":null}},"type":"binary-expr","locations":[{"start":{"line":1,"column":12},"end":{"line":1,"column":22}},{"start":{"line":1,"column":12},"end":{"line":1,"column":null}}]}},"s":{"0":1,"1":1,"2":1,"3":1},"f":{"0":1},"b":{"0":[1,1]}}
,"E:\\pixel\\book-management\\src\\store\\index.ts": {"path":"E:\\pixel\\book-management\\src\\store\\index.ts","statementMap":{"0":{"start":{"line":1,"column":0},"end":{"line":1,"column":null}},"1":{"start":{"line":2,"column":0},"end":{"line":2,"column":null}},"2":{"start":{"line":4,"column":13},"end":{"line":4,"column":null}}},"fnMap":{},"branchMap":{},"s":{"0":1,"1":1,"2":1},"f":{},"b":{}}
,"E:\\pixel\\book-management\\src\\store\\modules\\books.ts": {"path":"E:\\pixel\\book-management\\src\\store\\modules\\books.ts","statementMap":{"0":{"start":{"line":9,"column":21},"end":{"line":12,"column":2}},"1":{"start":{"line":9,"column":40},"end":{"line":12,"column":2}},"2":{"start":{"line":14,"column":0},"end":{"line":53,"column":null}},"3":{"start":{"line":19,"column":40},"end":{"line":19,"column":null}},"4":{"start":{"line":24,"column":6},"end":{"line":24,"column":null}},"5":{"start":{"line":25,"column":6},"end":{"line":25,"column":null}},"6":{"start":{"line":28,"column":6},"end":{"line":28,"column":null}},"7":{"start":{"line":29,"column":6},"end":{"line":29,"column":null}},"8":{"start":{"line":32,"column":6},"end":{"line":32,"column":null}},"9":{"start":{"line":33,"column":6},"end":{"line":33,"column":null}},"10":{"start":{"line":39,"column":6},"end":{"line":39,"column":null}},"11":{"start":{"line":40,"column":6},"end":{"line":40,"column":null}},"12":{"start":{"line":44,"column":6},"end":{"line":46,"column":null}},"13":{"start":{"line":45,"column":8},"end":{"line":45,"column":41}},"14":{"start":{"line":50,"column":6},"end":{"line":50,"column":null}},"15":{"start":{"line":50,"column":49},"end":{"line":50,"column":68}}},"fnMap":{"0":{"name":"(anonymous_0)","decl":{"start":{"line":9,"column":21},"end":{"line":9,"column":40}},"loc":{"start":{"line":9,"column":40},"end":{"line":12,"column":2}}},"1":{"name":"(anonymous_1)","decl":{"start":{"line":19,"column":18},"end":{"line":19,"column":35}},"loc":{"start":{"line":19,"column":40},"end":{"line":19,"column":null}}},"2":{"name":"(anonymous_2)","decl":{"start":{"line":23,"column":16},"end":{"line":23,"column":17}},"loc":{"start":{"line":23,"column":67},"end":{"line":26,"column":5}}},"3":{"name":"(anonymous_3)","decl":{"start":{"line":27,"column":16},"end":{"line":27,"column":17}},"loc":{"start":{"line":27,"column":67},"end":{"line":30,"column":5}}},"4":{"name":"(anonymous_4)","decl":{"start":{"line":31,"column":16},"end":{"line":31,"column":17}},"loc":{"start":{"line":31,"column":67},"end":{"line":34,"column":null}}},"5":{"name":"(anonymous_5)","decl":{"start":{"line":38,"column":17},"end":{"line":38,"column":18}},"loc":{"start":{"line":38,"column":52},"end":{"line":41,"column":5}}},"6":{"name":"(anonymous_6)","decl":{"start":{"line":43,"column":17},"end":{"line":43,"column":18}},"loc":{"start":{"line":43,"column":52},"end":{"line":47,"column":5}}},"7":{"name":"(anonymous_7)","decl":{"start":{"line":44,"column":37},"end":{"line":44,"column":41}},"loc":{"start":{"line":45,"column":8},"end":{"line":45,"column":41}}},"8":{"name":"(anonymous_8)","decl":{"start":{"line":49,"column":17},"end":{"line":49,"column":18}},"loc":{"start":{"line":49,"column":52},"end":{"line":51,"column":null}}},"9":{"name":"(anonymous_9)","decl":{"start":{"line":50,"column":40},"end":{"line":50,"column":44}},"loc":{"start":{"line":50,"column":49},"end":{"line":50,"column":68}}}},"branchMap":{"0":{"loc":{"start":{"line":45,"column":8},"end":{"line":45,"column":41}},"type":"cond-expr","locations":[{"start":{"line":45,"column":30},"end":{"line":45,"column":34}},{"start":{"line":45,"column":37},"end":{"line":45,"column":41}}]}},"s":{"0":1,"1":1,"2":1,"3":6,"4":3,"5":3,"6":1,"7":1,"8":1,"9":1,"10":3,"11":3,"12":1,"13":2,"14":1,"15":3},"f":{"0":1,"1":6,"2":3,"3":1,"4":1,"5":3,"6":1,"7":2,"8":1,"9":3},"b":{"0":[1,1]}}
,"E:\\pixel\\book-management\\src\\store\\modules\\index.ts": {"path":"E:\\pixel\\book-management\\src\\store\\modules\\index.ts","statementMap":{"0":{"start":{"line":1,"column":0},"end":{"line":1,"column":null}},"1":{"start":{"line":3,"column":0},"end":{"line":5,"column":null}}},"fnMap":{},"branchMap":{},"s":{"0":1,"1":1},"f":{},"b":{}}
}
