TN:
SF:src\App.vue
FN:5,render
FNF:1
FNH:1
FNDA:1,render
DA:2,1
DA:3,1
DA:4,1
DA:6,1
DA:7,1
DA:9,1
DA:10,1
LF:7
LH:7
BRF:0
BRH:0
end_of_record
TN:
SF:src\components\Books.vue
FN:159,render
FN:169,(anonymous_1)
FN:176,(anonymous_2)
FN:178,(anonymous_3)
FN:186,(anonymous_4)
FN:190,(anonymous_5)
FN:201,(anonymous_6)
FN:213,(anonymous_7)
FN:215,(anonymous_8)
FN:224,(anonymous_9)
FN:226,(anonymous_10)
FN:245,(anonymous_11)
FN:248,(anonymous_12)
FN:250,(anonymous_13)
FN:251,(anonymous_14)
FN:252,(anonymous_15)
FN:261,(anonymous_16)
FN:264,(anonymous_17)
FN:266,(anonymous_18)
FN:267,(anonymous_19)
FN:279,(anonymous_20)
FN:283,(anonymous_21)
FNF:22
FNH:11
FNDA:21,render
FNDA:21,(anonymous_1)
FNDA:0,(anonymous_2)
FNDA:21,(anonymous_3)
FNDA:21,(anonymous_4)
FNDA:40,(anonymous_5)
FNDA:40,(anonymous_6)
FNDA:0,(anonymous_7)
FNDA:40,(anonymous_8)
FNDA:0,(anonymous_9)
FNDA:40,(anonymous_10)
FNDA:0,(anonymous_11)
FNDA:21,(anonymous_12)
FNDA:0,(anonymous_13)
FNDA:0,(anonymous_14)
FNDA:0,(anonymous_15)
FNDA:0,(anonymous_16)
FNDA:21,(anonymous_17)
FNDA:0,(anonymous_18)
FNDA:0,(anonymous_19)
FNDA:0,(anonymous_20)
FNDA:21,(anonymous_21)
DA:4,1
DA:5,1
DA:8,1
DA:130,1
DA:131,1
DA:132,1
DA:133,1
DA:134,1
DA:135,1
DA:136,1
DA:137,1
DA:145,1
DA:146,1
DA:147,1
DA:148,1
DA:149,1
DA:150,1
DA:151,1
DA:152,1
DA:156,1
DA:160,21
DA:161,21
DA:162,21
DA:163,21
DA:164,21
DA:165,21
DA:166,21
DA:167,21
DA:168,21
DA:169,21
DA:176,0
DA:178,21
DA:186,21
DA:191,40
DA:201,40
DA:213,0
DA:215,40
DA:224,0
DA:226,40
DA:245,0
DA:248,21
DA:250,0
DA:251,0
DA:252,0
DA:261,0
DA:264,21
DA:266,0
DA:267,0
DA:279,0
DA:283,21
DA:292,1
DA:293,1
LF:52
LH:41
BRDA:176,0,0,21
BRDA:176,0,1,4
BRDA:235,1,0,2
BRDA:235,1,1,19
BRDA:245,2,0,21
BRDA:245,2,1,4
BRDA:250,3,0,21
BRDA:250,3,1,4
BRDA:251,4,0,21
BRDA:251,4,1,4
BRDA:252,5,0,21
BRDA:252,5,1,4
BRDA:261,6,0,21
BRDA:261,6,1,4
BRDA:266,7,0,21
BRDA:266,7,1,4
BRDA:267,8,0,21
BRDA:267,8,1,4
BRDA:279,9,0,21
BRDA:279,9,1,4
BRF:20
BRH:20
end_of_record
TN:
SF:src\components\DeleteConfirm.vue
FN:7,render
FN:16,(anonymous_1)
FN:22,(anonymous_2)
FN:24,(anonymous_3)
FN:26,(anonymous_4)
FN:36,(anonymous_5)
FN:49,(anonymous_6)
FN:51,(anonymous_7)
FN:58,(anonymous_8)
FN:60,(anonymous_9)
FNF:10
FNH:7
FNDA:6,render
FNDA:6,(anonymous_1)
FNDA:0,(anonymous_2)
FNDA:6,(anonymous_3)
FNDA:6,(anonymous_4)
FNDA:6,(anonymous_5)
FNDA:0,(anonymous_6)
FNDA:6,(anonymous_7)
FNDA:0,(anonymous_8)
FNDA:6,(anonymous_9)
DA:2,2
DA:3,2
DA:4,2
DA:5,2
DA:6,2
DA:8,6
DA:9,6
DA:10,6
DA:11,6
DA:12,6
DA:16,6
DA:22,0
DA:24,6
DA:26,6
DA:36,6
DA:49,0
DA:51,6
DA:58,0
DA:60,6
DA:70,2
DA:71,2
LF:21
LH:18
BRDA:22,0,0,6
BRDA:22,0,1,6
BRDA:49,1,0,6
BRDA:49,1,1,6
BRDA:58,2,0,6
BRDA:58,2,1,6
BRF:6
BRH:6
end_of_record
TN:
SF:src\components\EditDialogForm.vue
FN:131,render
FN:143,(anonymous_1)
FN:148,(anonymous_2)
FN:150,(anonymous_3)
FN:152,(anonymous_4)
FN:161,(anonymous_5)
FN:170,(anonymous_6)
FN:174,(anonymous_7)
FN:182,(anonymous_8)
FN:191,(anonymous_9)
FNF:10
FNH:7
FNDA:9,render
FNDA:9,(anonymous_1)
FNDA:0,(anonymous_2)
FNDA:9,(anonymous_3)
FNDA:9,(anonymous_4)
FNDA:9,(anonymous_5)
FNDA:9,(anonymous_6)
FNDA:0,(anonymous_7)
FNDA:0,(anonymous_8)
FNDA:9,(anonymous_9)
DA:4,2
DA:7,2
DA:126,2
DA:127,2
DA:128,2
DA:129,2
DA:130,2
DA:132,9
DA:133,9
DA:134,9
DA:135,9
DA:136,9
DA:137,9
DA:138,9
DA:139,9
DA:143,9
DA:148,0
DA:150,9
DA:152,9
DA:161,9
DA:170,9
DA:174,0
DA:182,0
DA:191,9
DA:205,2
DA:206,2
LF:26
LH:23
BRDA:148,0,0,9
BRDA:148,0,1,6
BRDA:162,1,0,3
BRDA:162,1,1,6
BRDA:174,2,0,9
BRDA:174,2,1,6
BRDA:182,3,0,9
BRDA:182,3,1,6
BRF:8
BRH:8
end_of_record
TN:
SF:src\interfaces\books.ts
FN:1,(anonymous_0)
FNF:1
FNH:1
FNDA:1,(anonymous_0)
DA:1,1
DA:2,1
DA:3,1
DA:4,1
LF:4
LH:4
BRDA:1,0,0,1
BRDA:1,0,1,1
BRF:2
BRH:2
end_of_record
TN:
SF:src\store\index.ts
FNF:0
FNH:0
DA:1,1
DA:2,1
DA:4,1
LF:3
LH:3
BRF:0
BRH:0
end_of_record
TN:
SF:src\store\modules\books.ts
FN:9,(anonymous_0)
FN:19,(anonymous_1)
FN:23,(anonymous_2)
FN:27,(anonymous_3)
FN:31,(anonymous_4)
FN:38,(anonymous_5)
FN:43,(anonymous_6)
FN:44,(anonymous_7)
FN:49,(anonymous_8)
FN:50,(anonymous_9)
FNF:10
FNH:10
FNDA:1,(anonymous_0)
FNDA:6,(anonymous_1)
FNDA:3,(anonymous_2)
FNDA:1,(anonymous_3)
FNDA:1,(anonymous_4)
FNDA:3,(anonymous_5)
FNDA:1,(anonymous_6)
FNDA:2,(anonymous_7)
FNDA:1,(anonymous_8)
FNDA:3,(anonymous_9)
DA:9,1
DA:14,1
DA:19,6
DA:24,3
DA:25,3
DA:28,1
DA:29,1
DA:32,1
DA:33,1
DA:39,3
DA:40,3
DA:44,1
DA:45,2
DA:50,3
LF:14
LH:14
BRDA:45,0,0,1
BRDA:45,0,1,1
BRF:2
BRH:2
end_of_record
TN:
SF:src\store\modules\index.ts
FNF:0
FNH:0
DA:1,1
DA:3,1
LF:2
LH:2
BRF:0
BRH:0
end_of_record
